{"C:\\Users\\breno\\OneDrive\\Área de Trabalho\\Area d Trabalho\\PROGAMÇÃO\\Desafio1\\src\\app.ts": {"path":"C:\\Users\\breno\\OneDrive\\Área de Trabalho\\Area d Trabalho\\PROGAMÇÃO\\Desafio1\\src\\app.ts","all":false,"statementMap":{"0":{"start":{"line":1,"column":0},"end":{"line":1,"column":67}},"1":{"start":{"line":2,"column":0},"end":{"line":2,"column":30}},"2":{"start":{"line":3,"column":0},"end":{"line":3,"column":28}},"3":{"start":{"line":4,"column":0},"end":{"line":4,"column":73}},"4":{"start":{"line":5,"column":0},"end":{"line":5,"column":34}},"5":{"start":{"line":6,"column":0},"end":{"line":6,"column":0}},"6":{"start":{"line":7,"column":0},"end":{"line":7,"column":16}},"7":{"start":{"line":8,"column":0},"end":{"line":8,"column":22}},"8":{"start":{"line":9,"column":0},"end":{"line":9,"column":0}},"9":{"start":{"line":10,"column":0},"end":{"line":10,"column":24}},"10":{"start":{"line":11,"column":0},"end":{"line":11,"column":16}},"11":{"start":{"line":12,"column":0},"end":{"line":12,"column":0}},"12":{"start":{"line":13,"column":0},"end":{"line":13,"column":56}},"13":{"start":{"line":14,"column":0},"end":{"line":14,"column":43}},"14":{"start":{"line":15,"column":0},"end":{"line":15,"column":46}},"15":{"start":{"line":16,"column":0},"end":{"line":16,"column":22}},"16":{"start":{"line":17,"column":0},"end":{"line":17,"column":29}},"17":{"start":{"line":18,"column":0},"end":{"line":18,"column":7}},"18":{"start":{"line":19,"column":0},"end":{"line":19,"column":3}},"19":{"start":{"line":20,"column":0},"end":{"line":20,"column":41}},"20":{"start":{"line":21,"column":0},"end":{"line":21,"column":46}},"21":{"start":{"line":22,"column":0},"end":{"line":22,"column":22}},"22":{"start":{"line":23,"column":0},"end":{"line":23,"column":29}},"23":{"start":{"line":24,"column":0},"end":{"line":24,"column":7}},"24":{"start":{"line":25,"column":0},"end":{"line":25,"column":3}},"25":{"start":{"line":26,"column":0},"end":{"line":26,"column":0}},"26":{"start":{"line":27,"column":0},"end":{"line":27,"column":23}},"27":{"start":{"line":28,"column":0},"end":{"line":28,"column":0}},"28":{"start":{"line":29,"column":0},"end":{"line":29,"column":31}},"29":{"start":{"line":30,"column":0},"end":{"line":30,"column":20}},"30":{"start":{"line":31,"column":0},"end":{"line":31,"column":30}},"31":{"start":{"line":32,"column":0},"end":{"line":32,"column":5}},"32":{"start":{"line":33,"column":0},"end":{"line":33,"column":3}},"33":{"start":{"line":34,"column":0},"end":{"line":34,"column":0}},"34":{"start":{"line":35,"column":0},"end":{"line":35,"column":15}}},"s":{"0":1,"1":1,"2":1,"3":1,"4":1,"5":1,"6":1,"7":1,"8":1,"9":1,"10":1,"11":1,"12":1,"13":0,"14":0,"15":0,"16":0,"17":0,"18":0,"19":0,"20":0,"21":0,"22":0,"23":0,"24":0,"25":0,"26":0,"27":0,"28":0,"29":0,"30":0,"31":0,"32":1,"33":1,"34":1},"branchMap":{},"b":{},"fnMap":{},"f":{}}
,"C:\\Users\\breno\\OneDrive\\Área de Trabalho\\Area d Trabalho\\PROGAMÇÃO\\Desafio1\\src\\configs\\auth.ts": {"path":"C:\\Users\\breno\\OneDrive\\Área de Trabalho\\Area d Trabalho\\PROGAMÇÃO\\Desafio1\\src\\configs\\auth.ts","all":false,"statementMap":{"0":{"start":{"line":1,"column":0},"end":{"line":1,"column":28}},"1":{"start":{"line":2,"column":0},"end":{"line":2,"column":34}},"2":{"start":{"line":3,"column":0},"end":{"line":3,"column":0}},"3":{"start":{"line":4,"column":0},"end":{"line":4,"column":26}},"4":{"start":{"line":5,"column":0},"end":{"line":5,"column":34}},"5":{"start":{"line":6,"column":0},"end":{"line":6,"column":18}},"6":{"start":{"line":7,"column":0},"end":{"line":7,"column":2}}},"s":{"0":1,"1":1,"2":1,"3":1,"4":1,"5":1,"6":1},"branchMap":{},"b":{},"fnMap":{},"f":{}}
,"C:\\Users\\breno\\OneDrive\\Área de Trabalho\\Area d Trabalho\\PROGAMÇÃO\\Desafio1\\src\\configs\\multer.ts": {"path":"C:\\Users\\breno\\OneDrive\\Área de Trabalho\\Area d Trabalho\\PROGAMÇÃO\\Desafio1\\src\\configs\\multer.ts","all":false,"statementMap":{"0":{"start":{"line":1,"column":0},"end":{"line":1,"column":28}},"1":{"start":{"line":2,"column":0},"end":{"line":2,"column":24}},"2":{"start":{"line":3,"column":0},"end":{"line":3,"column":61}},"3":{"start":{"line":4,"column":0},"end":{"line":4,"column":16}},"4":{"start":{"line":5,"column":0},"end":{"line":5,"column":23}},"5":{"start":{"line":6,"column":0},"end":{"line":6,"column":31}},"6":{"start":{"line":7,"column":0},"end":{"line":7,"column":27}},"7":{"start":{"line":8,"column":0},"end":{"line":8,"column":39}},"8":{"start":{"line":9,"column":0},"end":{"line":9,"column":46}},"9":{"start":{"line":10,"column":0},"end":{"line":10,"column":38}},"10":{"start":{"line":11,"column":0},"end":{"line":11,"column":6}},"11":{"start":{"line":12,"column":0},"end":{"line":12,"column":5}},"12":{"start":{"line":13,"column":0},"end":{"line":13,"column":2}}},"s":{"0":1,"1":1,"2":1,"3":1,"4":1,"5":1,"6":1,"7":1,"8":3,"9":3,"10":1,"11":1,"12":1},"branchMap":{"0":{"type":"branch","line":8,"loc":{"start":{"line":8,"column":4},"end":{"line":11,"column":5}},"locations":[{"start":{"line":8,"column":4},"end":{"line":11,"column":5}}]}},"b":{"0":[3]},"fnMap":{"0":{"name":"filename","decl":{"start":{"line":8,"column":4},"end":{"line":11,"column":5}},"loc":{"start":{"line":8,"column":4},"end":{"line":11,"column":5}},"line":8}},"f":{"0":3}}
,"C:\\Users\\breno\\OneDrive\\Área de Trabalho\\Area d Trabalho\\PROGAMÇÃO\\Desafio1\\src\\controllers\\SessionControllers.ts": {"path":"C:\\Users\\breno\\OneDrive\\Área de Trabalho\\Area d Trabalho\\PROGAMÇÃO\\Desafio1\\src\\controllers\\SessionControllers.ts","all":false,"statementMap":{"0":{"start":{"line":1,"column":0},"end":{"line":1,"column":44}},"1":{"start":{"line":2,"column":0},"end":{"line":2,"column":55}},"2":{"start":{"line":3,"column":0},"end":{"line":3,"column":57}},"3":{"start":{"line":4,"column":0},"end":{"line":4,"column":87}},"4":{"start":{"line":5,"column":0},"end":{"line":5,"column":0}},"5":{"start":{"line":6,"column":0},"end":{"line":6,"column":28}},"6":{"start":{"line":7,"column":0},"end":{"line":7,"column":53}},"7":{"start":{"line":8,"column":0},"end":{"line":8,"column":0}},"8":{"start":{"line":9,"column":0},"end":{"line":9,"column":17}},"9":{"start":{"line":10,"column":0},"end":{"line":10,"column":59}},"10":{"start":{"line":11,"column":0},"end":{"line":11,"column":3}},"11":{"start":{"line":12,"column":0},"end":{"line":12,"column":0}},"12":{"start":{"line":13,"column":0},"end":{"line":13,"column":51}},"13":{"start":{"line":14,"column":0},"end":{"line":14,"column":75}},"14":{"start":{"line":15,"column":0},"end":{"line":15,"column":42}},"15":{"start":{"line":16,"column":0},"end":{"line":16,"column":66}},"16":{"start":{"line":17,"column":0},"end":{"line":17,"column":5}},"17":{"start":{"line":18,"column":0},"end":{"line":18,"column":0}},"18":{"start":{"line":19,"column":0},"end":{"line":19,"column":59}},"19":{"start":{"line":20,"column":0},"end":{"line":20,"column":40}},"20":{"start":{"line":21,"column":0},"end":{"line":21,"column":43}},"21":{"start":{"line":22,"column":0},"end":{"line":22,"column":6}},"22":{"start":{"line":23,"column":0},"end":{"line":23,"column":0}},"23":{"start":{"line":24,"column":0},"end":{"line":24,"column":25}},"24":{"start":{"line":25,"column":0},"end":{"line":25,"column":4}},"25":{"start":{"line":26,"column":0},"end":{"line":26,"column":1}}},"s":{"0":1,"1":1,"2":1,"3":1,"4":1,"5":1,"6":1,"7":1,"8":1,"9":1,"10":1,"11":1,"12":1,"13":8,"14":8,"15":0,"16":0,"17":8,"18":8,"19":8,"20":8,"21":8,"22":8,"23":8,"24":8,"25":1},"branchMap":{"0":{"type":"branch","line":9,"loc":{"start":{"line":9,"column":2},"end":{"line":11,"column":3}},"locations":[{"start":{"line":9,"column":2},"end":{"line":11,"column":3}}]},"1":{"type":"branch","line":13,"loc":{"start":{"line":13,"column":11},"end":{"line":25,"column":4}},"locations":[{"start":{"line":13,"column":11},"end":{"line":25,"column":4}}]},"2":{"type":"branch","line":13,"loc":{"start":{"line":13,"column":49},"end":{"line":25,"column":3}},"locations":[{"start":{"line":13,"column":49},"end":{"line":25,"column":3}}]},"3":{"type":"branch","line":15,"loc":{"start":{"line":15,"column":41},"end":{"line":17,"column":5}},"locations":[{"start":{"line":15,"column":41},"end":{"line":17,"column":5}}]}},"b":{"0":[1],"1":[8],"2":[8],"3":[0]},"fnMap":{"0":{"name":"CreateSession","decl":{"start":{"line":9,"column":2},"end":{"line":11,"column":3}},"loc":{"start":{"line":9,"column":2},"end":{"line":11,"column":3}},"line":9},"1":{"name":"CreateSession.create","decl":{"start":{"line":13,"column":11},"end":{"line":25,"column":4}},"loc":{"start":{"line":13,"column":11},"end":{"line":25,"column":4}},"line":13}},"f":{"0":1,"1":8}}
,"C:\\Users\\breno\\OneDrive\\Área de Trabalho\\Area d Trabalho\\PROGAMÇÃO\\Desafio1\\src\\controllers\\TransactionController.ts": {"path":"C:\\Users\\breno\\OneDrive\\Área de Trabalho\\Area d Trabalho\\PROGAMÇÃO\\Desafio1\\src\\controllers\\TransactionController.ts","all":false,"statementMap":{"0":{"start":{"line":1,"column":0},"end":{"line":1,"column":55}},"1":{"start":{"line":2,"column":0},"end":{"line":2,"column":44}},"2":{"start":{"line":3,"column":0},"end":{"line":3,"column":0}},"3":{"start":{"line":4,"column":0},"end":{"line":4,"column":74}},"4":{"start":{"line":5,"column":0},"end":{"line":5,"column":90}},"5":{"start":{"line":6,"column":0},"end":{"line":6,"column":78}},"6":{"start":{"line":7,"column":0},"end":{"line":7,"column":99}},"7":{"start":{"line":8,"column":0},"end":{"line":8,"column":99}},"8":{"start":{"line":9,"column":0},"end":{"line":9,"column":95}},"9":{"start":{"line":10,"column":0},"end":{"line":10,"column":97}},"10":{"start":{"line":11,"column":0},"end":{"line":11,"column":98}},"11":{"start":{"line":12,"column":0},"end":{"line":12,"column":0}},"12":{"start":{"line":13,"column":0},"end":{"line":13,"column":36}},"13":{"start":{"line":14,"column":0},"end":{"line":14,"column":57}},"14":{"start":{"line":15,"column":0},"end":{"line":15,"column":59}},"15":{"start":{"line":16,"column":0},"end":{"line":16,"column":61}},"16":{"start":{"line":17,"column":0},"end":{"line":17,"column":61}},"17":{"start":{"line":18,"column":0},"end":{"line":18,"column":47}},"18":{"start":{"line":19,"column":0},"end":{"line":19,"column":61}},"19":{"start":{"line":20,"column":0},"end":{"line":20,"column":0}},"20":{"start":{"line":21,"column":0},"end":{"line":21,"column":17}},"21":{"start":{"line":22,"column":0},"end":{"line":22,"column":63}},"22":{"start":{"line":23,"column":0},"end":{"line":23,"column":65}},"23":{"start":{"line":24,"column":0},"end":{"line":24,"column":67}},"24":{"start":{"line":25,"column":0},"end":{"line":25,"column":67}},"25":{"start":{"line":26,"column":0},"end":{"line":26,"column":53}},"26":{"start":{"line":27,"column":0},"end":{"line":27,"column":67}},"27":{"start":{"line":28,"column":0},"end":{"line":28,"column":3}},"28":{"start":{"line":29,"column":0},"end":{"line":29,"column":0}},"29":{"start":{"line":30,"column":0},"end":{"line":30,"column":51}},"30":{"start":{"line":31,"column":0},"end":{"line":31,"column":41}},"31":{"start":{"line":32,"column":0},"end":{"line":32,"column":31}},"32":{"start":{"line":33,"column":0},"end":{"line":33,"column":67}},"33":{"start":{"line":34,"column":0},"end":{"line":34,"column":5}},"34":{"start":{"line":35,"column":0},"end":{"line":35,"column":83}},"35":{"start":{"line":36,"column":0},"end":{"line":36,"column":46}},"36":{"start":{"line":37,"column":0},"end":{"line":37,"column":71}},"37":{"start":{"line":38,"column":0},"end":{"line":38,"column":5}},"38":{"start":{"line":39,"column":0},"end":{"line":39,"column":0}},"39":{"start":{"line":40,"column":0},"end":{"line":40,"column":68}},"40":{"start":{"line":41,"column":0},"end":{"line":41,"column":43}},"41":{"start":{"line":42,"column":0},"end":{"line":42,"column":44}},"42":{"start":{"line":43,"column":0},"end":{"line":43,"column":50}},"43":{"start":{"line":44,"column":0},"end":{"line":44,"column":45}},"44":{"start":{"line":45,"column":0},"end":{"line":45,"column":49}},"45":{"start":{"line":46,"column":0},"end":{"line":46,"column":53}},"46":{"start":{"line":47,"column":0},"end":{"line":47,"column":57}},"47":{"start":{"line":48,"column":0},"end":{"line":48,"column":59}},"48":{"start":{"line":49,"column":0},"end":{"line":49,"column":23}},"49":{"start":{"line":50,"column":0},"end":{"line":50,"column":6}},"50":{"start":{"line":51,"column":0},"end":{"line":51,"column":0}},"51":{"start":{"line":52,"column":0},"end":{"line":52,"column":21}},"52":{"start":{"line":53,"column":0},"end":{"line":53,"column":18}},"53":{"start":{"line":54,"column":0},"end":{"line":54,"column":7}},"54":{"start":{"line":55,"column":0},"end":{"line":55,"column":4}},"55":{"start":{"line":56,"column":0},"end":{"line":56,"column":0}},"56":{"start":{"line":57,"column":0},"end":{"line":57,"column":49}},"57":{"start":{"line":58,"column":0},"end":{"line":58,"column":41}},"58":{"start":{"line":59,"column":0},"end":{"line":59,"column":31}},"59":{"start":{"line":60,"column":0},"end":{"line":60,"column":67}},"60":{"start":{"line":61,"column":0},"end":{"line":61,"column":5}},"61":{"start":{"line":62,"column":0},"end":{"line":62,"column":0}},"62":{"start":{"line":63,"column":0},"end":{"line":63,"column":69}},"63":{"start":{"line":64,"column":0},"end":{"line":64,"column":21}},"64":{"start":{"line":65,"column":0},"end":{"line":65,"column":13}},"65":{"start":{"line":66,"column":0},"end":{"line":66,"column":7}},"66":{"start":{"line":67,"column":0},"end":{"line":67,"column":4}},"67":{"start":{"line":68,"column":0},"end":{"line":68,"column":62}},"68":{"start":{"line":69,"column":0},"end":{"line":69,"column":41}},"69":{"start":{"line":70,"column":0},"end":{"line":70,"column":31}},"70":{"start":{"line":71,"column":0},"end":{"line":71,"column":67}},"71":{"start":{"line":72,"column":0},"end":{"line":72,"column":5}},"72":{"start":{"line":73,"column":0},"end":{"line":73,"column":83}},"73":{"start":{"line":74,"column":0},"end":{"line":74,"column":46}},"74":{"start":{"line":75,"column":0},"end":{"line":75,"column":71}},"75":{"start":{"line":76,"column":0},"end":{"line":76,"column":5}},"76":{"start":{"line":77,"column":0},"end":{"line":77,"column":0}},"77":{"start":{"line":78,"column":0},"end":{"line":78,"column":106}},"78":{"start":{"line":79,"column":0},"end":{"line":79,"column":28}},"79":{"start":{"line":80,"column":0},"end":{"line":80,"column":65}},"80":{"start":{"line":81,"column":0},"end":{"line":81,"column":5}},"81":{"start":{"line":82,"column":0},"end":{"line":82,"column":0}},"82":{"start":{"line":83,"column":0},"end":{"line":83,"column":63}},"83":{"start":{"line":84,"column":0},"end":{"line":84,"column":33}},"84":{"start":{"line":85,"column":0},"end":{"line":85,"column":80}},"85":{"start":{"line":86,"column":0},"end":{"line":86,"column":5}},"86":{"start":{"line":87,"column":0},"end":{"line":87,"column":63}},"87":{"start":{"line":88,"column":0},"end":{"line":88,"column":13}},"88":{"start":{"line":89,"column":0},"end":{"line":89,"column":43}},"89":{"start":{"line":90,"column":0},"end":{"line":90,"column":10}},"90":{"start":{"line":91,"column":0},"end":{"line":91,"column":15}},"91":{"start":{"line":92,"column":0},"end":{"line":92,"column":6}},"92":{"start":{"line":93,"column":0},"end":{"line":93,"column":21}},"93":{"start":{"line":94,"column":0},"end":{"line":94,"column":13}},"94":{"start":{"line":95,"column":0},"end":{"line":95,"column":7}},"95":{"start":{"line":96,"column":0},"end":{"line":96,"column":4}},"96":{"start":{"line":97,"column":0},"end":{"line":97,"column":0}},"97":{"start":{"line":98,"column":0},"end":{"line":98,"column":52}},"98":{"start":{"line":99,"column":0},"end":{"line":99,"column":41}},"99":{"start":{"line":100,"column":0},"end":{"line":100,"column":31}},"100":{"start":{"line":101,"column":0},"end":{"line":101,"column":67}},"101":{"start":{"line":102,"column":0},"end":{"line":102,"column":5}},"102":{"start":{"line":103,"column":0},"end":{"line":103,"column":70}},"103":{"start":{"line":104,"column":0},"end":{"line":104,"column":21}},"104":{"start":{"line":105,"column":0},"end":{"line":105,"column":13}},"105":{"start":{"line":106,"column":0},"end":{"line":106,"column":7}},"106":{"start":{"line":107,"column":0},"end":{"line":107,"column":4}},"107":{"start":{"line":108,"column":0},"end":{"line":108,"column":1}}},"s":{"0":1,"1":1,"2":1,"3":1,"4":1,"5":1,"6":1,"7":1,"8":1,"9":1,"10":1,"11":1,"12":1,"13":1,"14":1,"15":1,"16":1,"17":1,"18":1,"19":1,"20":1,"21":1,"22":1,"23":1,"24":1,"25":1,"26":1,"27":1,"28":1,"29":1,"30":6,"31":6,"32":0,"33":0,"34":6,"35":6,"36":0,"37":0,"38":6,"39":6,"40":6,"41":6,"42":6,"43":6,"44":6,"45":6,"46":6,"47":6,"48":6,"49":6,"50":6,"51":6,"52":6,"53":6,"54":6,"55":1,"56":1,"57":1,"58":1,"59":0,"60":0,"61":1,"62":1,"63":1,"64":1,"65":1,"66":1,"67":1,"68":1,"69":1,"70":0,"71":0,"72":1,"73":1,"74":0,"75":0,"76":1,"77":1,"78":1,"79":0,"80":0,"81":1,"82":1,"83":1,"84":0,"85":0,"86":1,"87":1,"88":1,"89":1,"90":1,"91":1,"92":1,"93":1,"94":1,"95":1,"96":1,"97":1,"98":1,"99":1,"100":0,"101":0,"102":1,"103":1,"104":1,"105":1,"106":1,"107":1},"branchMap":{"0":{"type":"branch","line":21,"loc":{"start":{"line":21,"column":2},"end":{"line":28,"column":3}},"locations":[{"start":{"line":21,"column":2},"end":{"line":28,"column":3}}]},"1":{"type":"branch","line":30,"loc":{"start":{"line":30,"column":11},"end":{"line":55,"column":4}},"locations":[{"start":{"line":30,"column":11},"end":{"line":55,"column":4}}]},"2":{"type":"branch","line":30,"loc":{"start":{"line":30,"column":49},"end":{"line":55,"column":3}},"locations":[{"start":{"line":30,"column":49},"end":{"line":55,"column":3}}]},"3":{"type":"branch","line":31,"loc":{"start":{"line":31,"column":36},"end":{"line":31,"column":38}},"locations":[{"start":{"line":31,"column":36},"end":{"line":31,"column":38}}]},"4":{"type":"branch","line":32,"loc":{"start":{"line":32,"column":30},"end":{"line":34,"column":5}},"locations":[{"start":{"line":32,"column":30},"end":{"line":34,"column":5}}]},"5":{"type":"branch","line":36,"loc":{"start":{"line":36,"column":45},"end":{"line":38,"column":5}},"locations":[{"start":{"line":36,"column":45},"end":{"line":38,"column":5}}]},"6":{"type":"branch","line":57,"loc":{"start":{"line":57,"column":9},"end":{"line":67,"column":4}},"locations":[{"start":{"line":57,"column":9},"end":{"line":67,"column":4}}]},"7":{"type":"branch","line":57,"loc":{"start":{"line":57,"column":47},"end":{"line":67,"column":3}},"locations":[{"start":{"line":57,"column":47},"end":{"line":67,"column":3}}]},"8":{"type":"branch","line":58,"loc":{"start":{"line":58,"column":36},"end":{"line":58,"column":38}},"locations":[{"start":{"line":58,"column":36},"end":{"line":58,"column":38}}]},"9":{"type":"branch","line":59,"loc":{"start":{"line":59,"column":30},"end":{"line":61,"column":5}},"locations":[{"start":{"line":59,"column":30},"end":{"line":61,"column":5}}]},"10":{"type":"branch","line":68,"loc":{"start":{"line":68,"column":22},"end":{"line":96,"column":4}},"locations":[{"start":{"line":68,"column":22},"end":{"line":96,"column":4}}]},"11":{"type":"branch","line":68,"loc":{"start":{"line":68,"column":60},"end":{"line":96,"column":3}},"locations":[{"start":{"line":68,"column":60},"end":{"line":96,"column":3}}]},"12":{"type":"branch","line":69,"loc":{"start":{"line":69,"column":36},"end":{"line":69,"column":38}},"locations":[{"start":{"line":69,"column":36},"end":{"line":69,"column":38}}]},"13":{"type":"branch","line":70,"loc":{"start":{"line":70,"column":30},"end":{"line":72,"column":5}},"locations":[{"start":{"line":70,"column":30},"end":{"line":72,"column":5}}]},"14":{"type":"branch","line":74,"loc":{"start":{"line":74,"column":45},"end":{"line":76,"column":5}},"locations":[{"start":{"line":74,"column":45},"end":{"line":76,"column":5}}]},"15":{"type":"branch","line":79,"loc":{"start":{"line":79,"column":27},"end":{"line":81,"column":5}},"locations":[{"start":{"line":79,"column":27},"end":{"line":81,"column":5}}]},"16":{"type":"branch","line":84,"loc":{"start":{"line":84,"column":32},"end":{"line":86,"column":5}},"locations":[{"start":{"line":84,"column":32},"end":{"line":86,"column":5}}]},"17":{"type":"branch","line":98,"loc":{"start":{"line":98,"column":12},"end":{"line":107,"column":4}},"locations":[{"start":{"line":98,"column":12},"end":{"line":107,"column":4}}]},"18":{"type":"branch","line":98,"loc":{"start":{"line":98,"column":50},"end":{"line":107,"column":3}},"locations":[{"start":{"line":98,"column":50},"end":{"line":107,"column":3}}]},"19":{"type":"branch","line":99,"loc":{"start":{"line":99,"column":36},"end":{"line":99,"column":38}},"locations":[{"start":{"line":99,"column":36},"end":{"line":99,"column":38}}]},"20":{"type":"branch","line":100,"loc":{"start":{"line":100,"column":30},"end":{"line":102,"column":5}},"locations":[{"start":{"line":100,"column":30},"end":{"line":102,"column":5}}]}},"b":{"0":[1],"1":[6],"2":[6],"3":[0],"4":[0],"5":[0],"6":[1],"7":[1],"8":[0],"9":[0],"10":[1],"11":[1],"12":[0],"13":[0],"14":[0],"15":[0],"16":[0],"17":[1],"18":[1],"19":[0],"20":[0]},"fnMap":{"0":{"name":"TransactionController","decl":{"start":{"line":21,"column":2},"end":{"line":28,"column":3}},"loc":{"start":{"line":21,"column":2},"end":{"line":28,"column":3}},"line":21},"1":{"name":"TransactionController.create","decl":{"start":{"line":30,"column":11},"end":{"line":55,"column":4}},"loc":{"start":{"line":30,"column":11},"end":{"line":55,"column":4}},"line":30},"2":{"name":"TransactionController.list","decl":{"start":{"line":57,"column":9},"end":{"line":67,"column":4}},"loc":{"start":{"line":57,"column":9},"end":{"line":67,"column":4}},"line":57},"3":{"name":"TransactionController.exportTransaction","decl":{"start":{"line":68,"column":22},"end":{"line":96,"column":4}},"loc":{"start":{"line":68,"column":22},"end":{"line":96,"column":4}},"line":68},"4":{"name":"TransactionController.consult","decl":{"start":{"line":98,"column":12},"end":{"line":107,"column":4}},"loc":{"start":{"line":98,"column":12},"end":{"line":107,"column":4}},"line":98}},"f":{"0":1,"1":6,"2":1,"3":1,"4":1}}
,"C:\\Users\\breno\\OneDrive\\Área de Trabalho\\Area d Trabalho\\PROGAMÇÃO\\Desafio1\\src\\controllers\\UserController.ts": {"path":"C:\\Users\\breno\\OneDrive\\Área de Trabalho\\Area d Trabalho\\PROGAMÇÃO\\Desafio1\\src\\controllers\\UserController.ts","all":false,"statementMap":{"0":{"start":{"line":1,"column":0},"end":{"line":1,"column":55}},"1":{"start":{"line":2,"column":0},"end":{"line":2,"column":44}},"2":{"start":{"line":3,"column":0},"end":{"line":3,"column":0}},"3":{"start":{"line":4,"column":0},"end":{"line":4,"column":74}},"4":{"start":{"line":5,"column":0},"end":{"line":5,"column":69}},"5":{"start":{"line":6,"column":0},"end":{"line":6,"column":78}},"6":{"start":{"line":7,"column":0},"end":{"line":7,"column":78}},"7":{"start":{"line":8,"column":0},"end":{"line":8,"column":78}},"8":{"start":{"line":9,"column":0},"end":{"line":9,"column":90}},"9":{"start":{"line":10,"column":0},"end":{"line":10,"column":74}},"10":{"start":{"line":11,"column":0},"end":{"line":11,"column":74}},"11":{"start":{"line":12,"column":0},"end":{"line":12,"column":79}},"12":{"start":{"line":13,"column":0},"end":{"line":13,"column":0}},"13":{"start":{"line":14,"column":0},"end":{"line":14,"column":29}},"14":{"start":{"line":15,"column":0},"end":{"line":15,"column":47}},"15":{"start":{"line":16,"column":0},"end":{"line":16,"column":47}},"16":{"start":{"line":17,"column":0},"end":{"line":17,"column":49}},"17":{"start":{"line":18,"column":0},"end":{"line":18,"column":47}},"18":{"start":{"line":19,"column":0},"end":{"line":19,"column":59}},"19":{"start":{"line":20,"column":0},"end":{"line":20,"column":43}},"20":{"start":{"line":21,"column":0},"end":{"line":21,"column":43}},"21":{"start":{"line":22,"column":0},"end":{"line":22,"column":0}},"22":{"start":{"line":23,"column":0},"end":{"line":23,"column":17}},"23":{"start":{"line":24,"column":0},"end":{"line":24,"column":53}},"24":{"start":{"line":25,"column":0},"end":{"line":25,"column":53}},"25":{"start":{"line":26,"column":0},"end":{"line":26,"column":55}},"26":{"start":{"line":27,"column":0},"end":{"line":27,"column":53}},"27":{"start":{"line":28,"column":0},"end":{"line":28,"column":65}},"28":{"start":{"line":29,"column":0},"end":{"line":29,"column":49}},"29":{"start":{"line":30,"column":0},"end":{"line":30,"column":49}},"30":{"start":{"line":31,"column":0},"end":{"line":31,"column":3}},"31":{"start":{"line":32,"column":0},"end":{"line":32,"column":0}},"32":{"start":{"line":33,"column":0},"end":{"line":33,"column":51}},"33":{"start":{"line":34,"column":0},"end":{"line":34,"column":69}},"34":{"start":{"line":35,"column":0},"end":{"line":35,"column":39}},"35":{"start":{"line":36,"column":0},"end":{"line":36,"column":67}},"36":{"start":{"line":37,"column":0},"end":{"line":37,"column":5}},"37":{"start":{"line":38,"column":0},"end":{"line":38,"column":0}},"38":{"start":{"line":39,"column":0},"end":{"line":39,"column":56}},"39":{"start":{"line":40,"column":0},"end":{"line":40,"column":36}},"40":{"start":{"line":41,"column":0},"end":{"line":41,"column":37}},"41":{"start":{"line":42,"column":0},"end":{"line":42,"column":40}},"42":{"start":{"line":43,"column":0},"end":{"line":43,"column":44}},"43":{"start":{"line":44,"column":0},"end":{"line":44,"column":6}},"44":{"start":{"line":45,"column":0},"end":{"line":45,"column":21}},"45":{"start":{"line":46,"column":0},"end":{"line":46,"column":13}},"46":{"start":{"line":47,"column":0},"end":{"line":47,"column":7}},"47":{"start":{"line":48,"column":0},"end":{"line":48,"column":4}},"48":{"start":{"line":49,"column":0},"end":{"line":49,"column":0}},"49":{"start":{"line":50,"column":0},"end":{"line":50,"column":51}},"50":{"start":{"line":51,"column":0},"end":{"line":51,"column":69}},"51":{"start":{"line":52,"column":0},"end":{"line":52,"column":39}},"52":{"start":{"line":53,"column":0},"end":{"line":53,"column":71}},"53":{"start":{"line":54,"column":0},"end":{"line":54,"column":5}},"54":{"start":{"line":55,"column":0},"end":{"line":55,"column":41}},"55":{"start":{"line":56,"column":0},"end":{"line":56,"column":31}},"56":{"start":{"line":57,"column":0},"end":{"line":57,"column":67}},"57":{"start":{"line":58,"column":0},"end":{"line":58,"column":5}},"58":{"start":{"line":59,"column":0},"end":{"line":59,"column":0}},"59":{"start":{"line":60,"column":0},"end":{"line":60,"column":56}},"60":{"start":{"line":61,"column":0},"end":{"line":61,"column":36}},"61":{"start":{"line":62,"column":0},"end":{"line":62,"column":44}},"62":{"start":{"line":63,"column":0},"end":{"line":63,"column":23}},"63":{"start":{"line":64,"column":0},"end":{"line":64,"column":6}},"64":{"start":{"line":65,"column":0},"end":{"line":65,"column":0}},"65":{"start":{"line":66,"column":0},"end":{"line":66,"column":21}},"66":{"start":{"line":67,"column":0},"end":{"line":67,"column":13}},"67":{"start":{"line":68,"column":0},"end":{"line":68,"column":7}},"68":{"start":{"line":69,"column":0},"end":{"line":69,"column":4}},"69":{"start":{"line":70,"column":0},"end":{"line":70,"column":0}},"70":{"start":{"line":71,"column":0},"end":{"line":71,"column":57}},"71":{"start":{"line":72,"column":0},"end":{"line":72,"column":41}},"72":{"start":{"line":73,"column":0},"end":{"line":73,"column":31}},"73":{"start":{"line":74,"column":0},"end":{"line":74,"column":67}},"74":{"start":{"line":75,"column":0},"end":{"line":75,"column":5}},"75":{"start":{"line":76,"column":0},"end":{"line":76,"column":0}},"76":{"start":{"line":77,"column":0},"end":{"line":77,"column":25}},"77":{"start":{"line":78,"column":0},"end":{"line":78,"column":16}},"78":{"start":{"line":79,"column":0},"end":{"line":79,"column":48}},"79":{"start":{"line":80,"column":0},"end":{"line":80,"column":5}},"80":{"start":{"line":81,"column":0},"end":{"line":81,"column":69}},"81":{"start":{"line":82,"column":0},"end":{"line":82,"column":0}},"82":{"start":{"line":83,"column":0},"end":{"line":83,"column":64}},"83":{"start":{"line":84,"column":0},"end":{"line":84,"column":34}},"84":{"start":{"line":85,"column":0},"end":{"line":85,"column":70}},"85":{"start":{"line":86,"column":0},"end":{"line":86,"column":5}},"86":{"start":{"line":87,"column":0},"end":{"line":87,"column":0}},"87":{"start":{"line":88,"column":0},"end":{"line":88,"column":96}},"88":{"start":{"line":89,"column":0},"end":{"line":89,"column":0}},"89":{"start":{"line":90,"column":0},"end":{"line":90,"column":21}},"90":{"start":{"line":91,"column":0},"end":{"line":91,"column":13}},"91":{"start":{"line":92,"column":0},"end":{"line":92,"column":7}},"92":{"start":{"line":93,"column":0},"end":{"line":93,"column":4}},"93":{"start":{"line":94,"column":0},"end":{"line":94,"column":0}},"94":{"start":{"line":95,"column":0},"end":{"line":95,"column":52}},"95":{"start":{"line":96,"column":0},"end":{"line":96,"column":41}},"96":{"start":{"line":97,"column":0},"end":{"line":97,"column":31}},"97":{"start":{"line":98,"column":0},"end":{"line":98,"column":67}},"98":{"start":{"line":99,"column":0},"end":{"line":99,"column":5}},"99":{"start":{"line":100,"column":0},"end":{"line":100,"column":0}},"100":{"start":{"line":101,"column":0},"end":{"line":101,"column":60}},"101":{"start":{"line":102,"column":0},"end":{"line":102,"column":0}},"102":{"start":{"line":103,"column":0},"end":{"line":103,"column":21}},"103":{"start":{"line":104,"column":0},"end":{"line":104,"column":19}},"104":{"start":{"line":105,"column":0},"end":{"line":105,"column":7}},"105":{"start":{"line":106,"column":0},"end":{"line":106,"column":4}},"106":{"start":{"line":107,"column":0},"end":{"line":107,"column":54}},"107":{"start":{"line":108,"column":0},"end":{"line":108,"column":57}},"108":{"start":{"line":109,"column":0},"end":{"line":109,"column":66}},"109":{"start":{"line":110,"column":0},"end":{"line":110,"column":0}},"110":{"start":{"line":111,"column":0},"end":{"line":111,"column":70}},"111":{"start":{"line":112,"column":0},"end":{"line":112,"column":0}},"112":{"start":{"line":113,"column":0},"end":{"line":113,"column":21}},"113":{"start":{"line":114,"column":0},"end":{"line":114,"column":13}},"114":{"start":{"line":115,"column":0},"end":{"line":115,"column":7}},"115":{"start":{"line":116,"column":0},"end":{"line":116,"column":4}},"116":{"start":{"line":117,"column":0},"end":{"line":117,"column":1}}},"s":{"0":1,"1":1,"2":1,"3":1,"4":1,"5":1,"6":1,"7":1,"8":1,"9":1,"10":1,"11":1,"12":1,"13":1,"14":1,"15":1,"16":1,"17":1,"18":1,"19":1,"20":1,"21":1,"22":1,"23":1,"24":1,"25":1,"26":1,"27":1,"28":1,"29":1,"30":1,"31":1,"32":1,"33":9,"34":9,"35":0,"36":0,"37":9,"38":9,"39":9,"40":9,"41":9,"42":9,"43":9,"44":9,"45":9,"46":9,"47":9,"48":1,"49":1,"50":2,"51":2,"52":0,"53":0,"54":2,"55":2,"56":0,"57":0,"58":2,"59":2,"60":2,"61":2,"62":2,"63":2,"64":2,"65":2,"66":2,"67":2,"68":2,"69":1,"70":1,"71":3,"72":3,"73":0,"74":0,"75":3,"76":3,"77":3,"78":0,"79":0,"80":3,"81":3,"82":3,"83":3,"84":0,"85":0,"86":3,"87":3,"88":3,"89":3,"90":3,"91":3,"92":3,"93":1,"94":1,"95":1,"96":1,"97":0,"98":0,"99":1,"100":1,"101":1,"102":1,"103":1,"104":1,"105":1,"106":1,"107":1,"108":1,"109":1,"110":1,"111":1,"112":1,"113":1,"114":1,"115":1,"116":1},"branchMap":{"0":{"type":"branch","line":23,"loc":{"start":{"line":23,"column":2},"end":{"line":31,"column":3}},"locations":[{"start":{"line":23,"column":2},"end":{"line":31,"column":3}}]},"1":{"type":"branch","line":33,"loc":{"start":{"line":33,"column":11},"end":{"line":48,"column":4}},"locations":[{"start":{"line":33,"column":11},"end":{"line":48,"column":4}}]},"2":{"type":"branch","line":33,"loc":{"start":{"line":33,"column":49},"end":{"line":48,"column":3}},"locations":[{"start":{"line":33,"column":49},"end":{"line":48,"column":3}}]},"3":{"type":"branch","line":35,"loc":{"start":{"line":35,"column":38},"end":{"line":37,"column":5}},"locations":[{"start":{"line":35,"column":38},"end":{"line":37,"column":5}}]},"4":{"type":"branch","line":50,"loc":{"start":{"line":50,"column":11},"end":{"line":69,"column":4}},"locations":[{"start":{"line":50,"column":11},"end":{"line":69,"column":4}}]},"5":{"type":"branch","line":50,"loc":{"start":{"line":50,"column":49},"end":{"line":69,"column":3}},"locations":[{"start":{"line":50,"column":49},"end":{"line":69,"column":3}}]},"6":{"type":"branch","line":52,"loc":{"start":{"line":52,"column":38},"end":{"line":54,"column":5}},"locations":[{"start":{"line":52,"column":38},"end":{"line":54,"column":5}}]},"7":{"type":"branch","line":55,"loc":{"start":{"line":55,"column":36},"end":{"line":55,"column":38}},"locations":[{"start":{"line":55,"column":36},"end":{"line":55,"column":38}}]},"8":{"type":"branch","line":56,"loc":{"start":{"line":56,"column":30},"end":{"line":58,"column":5}},"locations":[{"start":{"line":56,"column":30},"end":{"line":58,"column":5}}]},"9":{"type":"branch","line":71,"loc":{"start":{"line":71,"column":17},"end":{"line":93,"column":4}},"locations":[{"start":{"line":71,"column":17},"end":{"line":93,"column":4}}]},"10":{"type":"branch","line":71,"loc":{"start":{"line":71,"column":55},"end":{"line":93,"column":3}},"locations":[{"start":{"line":71,"column":55},"end":{"line":93,"column":3}}]},"11":{"type":"branch","line":72,"loc":{"start":{"line":72,"column":36},"end":{"line":72,"column":38}},"locations":[{"start":{"line":72,"column":36},"end":{"line":72,"column":38}}]},"12":{"type":"branch","line":73,"loc":{"start":{"line":73,"column":30},"end":{"line":75,"column":5}},"locations":[{"start":{"line":73,"column":30},"end":{"line":75,"column":5}}]},"13":{"type":"branch","line":78,"loc":{"start":{"line":78,"column":15},"end":{"line":80,"column":5}},"locations":[{"start":{"line":78,"column":15},"end":{"line":80,"column":5}}]},"14":{"type":"branch","line":84,"loc":{"start":{"line":84,"column":33},"end":{"line":86,"column":5}},"locations":[{"start":{"line":84,"column":33},"end":{"line":86,"column":5}}]},"15":{"type":"branch","line":95,"loc":{"start":{"line":95,"column":12},"end":{"line":106,"column":4}},"locations":[{"start":{"line":95,"column":12},"end":{"line":106,"column":4}}]},"16":{"type":"branch","line":95,"loc":{"start":{"line":95,"column":50},"end":{"line":106,"column":3}},"locations":[{"start":{"line":95,"column":50},"end":{"line":106,"column":3}}]},"17":{"type":"branch","line":96,"loc":{"start":{"line":96,"column":36},"end":{"line":96,"column":38}},"locations":[{"start":{"line":96,"column":36},"end":{"line":96,"column":38}}]},"18":{"type":"branch","line":97,"loc":{"start":{"line":97,"column":30},"end":{"line":99,"column":5}},"locations":[{"start":{"line":97,"column":30},"end":{"line":99,"column":5}}]},"19":{"type":"branch","line":107,"loc":{"start":{"line":107,"column":14},"end":{"line":116,"column":4}},"locations":[{"start":{"line":107,"column":14},"end":{"line":116,"column":4}}]},"20":{"type":"branch","line":107,"loc":{"start":{"line":107,"column":52},"end":{"line":116,"column":3}},"locations":[{"start":{"line":107,"column":52},"end":{"line":116,"column":3}}]}},"b":{"0":[1],"1":[9],"2":[9],"3":[0],"4":[2],"5":[2],"6":[0],"7":[0],"8":[0],"9":[3],"10":[3],"11":[0],"12":[0],"13":[0],"14":[0],"15":[1],"16":[1],"17":[0],"18":[0],"19":[1],"20":[1]},"fnMap":{"0":{"name":"UserController","decl":{"start":{"line":23,"column":2},"end":{"line":31,"column":3}},"loc":{"start":{"line":23,"column":2},"end":{"line":31,"column":3}},"line":23},"1":{"name":"UserController.create","decl":{"start":{"line":33,"column":11},"end":{"line":48,"column":4}},"loc":{"start":{"line":33,"column":11},"end":{"line":48,"column":4}},"line":33},"2":{"name":"UserController.update","decl":{"start":{"line":50,"column":11},"end":{"line":69,"column":4}},"loc":{"start":{"line":50,"column":11},"end":{"line":69,"column":4}},"line":50},"3":{"name":"UserController.createAvatar","decl":{"start":{"line":71,"column":17},"end":{"line":93,"column":4}},"loc":{"start":{"line":71,"column":17},"end":{"line":93,"column":4}},"line":71},"4":{"name":"UserController.getFeed","decl":{"start":{"line":95,"column":12},"end":{"line":106,"column":4}},"loc":{"start":{"line":95,"column":12},"end":{"line":106,"column":4}},"line":95},"5":{"name":"UserController.listUsers","decl":{"start":{"line":107,"column":14},"end":{"line":116,"column":4}},"loc":{"start":{"line":107,"column":14},"end":{"line":116,"column":4}},"line":107}},"f":{"0":1,"1":9,"2":2,"3":3,"4":1,"5":1}}
,"C:\\Users\\breno\\OneDrive\\Área de Trabalho\\Area d Trabalho\\PROGAMÇÃO\\Desafio1\\src\\database\\index.ts": {"path":"C:\\Users\\breno\\OneDrive\\Área de Trabalho\\Area d Trabalho\\PROGAMÇÃO\\Desafio1\\src\\database\\index.ts","all":false,"statementMap":{"0":{"start":{"line":1,"column":0},"end":{"line":1,"column":46}},"1":{"start":{"line":2,"column":0},"end":{"line":2,"column":34}},"2":{"start":{"line":3,"column":0},"end":{"line":3,"column":18}}},"s":{"0":1,"1":1,"2":1},"branchMap":{},"b":{},"fnMap":{},"f":{}}
,"C:\\Users\\breno\\OneDrive\\Área de Trabalho\\Area d Trabalho\\PROGAMÇÃO\\Desafio1\\src\\helpers\\api-erros.ts": {"path":"C:\\Users\\breno\\OneDrive\\Área de Trabalho\\Area d Trabalho\\PROGAMÇÃO\\Desafio1\\src\\helpers\\api-erros.ts","all":false,"statementMap":{"0":{"start":{"line":1,"column":0},"end":{"line":1,"column":37}},"1":{"start":{"line":2,"column":0},"end":{"line":2,"column":37}},"2":{"start":{"line":3,"column":0},"end":{"line":3,"column":0}},"3":{"start":{"line":4,"column":0},"end":{"line":4,"column":52}},"4":{"start":{"line":5,"column":0},"end":{"line":5,"column":19}},"5":{"start":{"line":6,"column":0},"end":{"line":6,"column":33}},"6":{"start":{"line":7,"column":0},"end":{"line":7,"column":3}},"7":{"start":{"line":8,"column":0},"end":{"line":8,"column":1}},"8":{"start":{"line":9,"column":0},"end":{"line":9,"column":0}},"9":{"start":{"line":10,"column":0},"end":{"line":10,"column":47}},"10":{"start":{"line":11,"column":0},"end":{"line":11,"column":32}},"11":{"start":{"line":12,"column":0},"end":{"line":12,"column":24}},"12":{"start":{"line":13,"column":0},"end":{"line":13,"column":3}},"13":{"start":{"line":14,"column":0},"end":{"line":14,"column":36}},"14":{"start":{"line":15,"column":0},"end":{"line":15,"column":1}},"15":{"start":{"line":16,"column":0},"end":{"line":16,"column":0}},"16":{"start":{"line":17,"column":0},"end":{"line":17,"column":45}},"17":{"start":{"line":18,"column":0},"end":{"line":18,"column":32}},"18":{"start":{"line":19,"column":0},"end":{"line":19,"column":24}},"19":{"start":{"line":20,"column":0},"end":{"line":20,"column":3}},"20":{"start":{"line":21,"column":0},"end":{"line":21,"column":36}},"21":{"start":{"line":22,"column":0},"end":{"line":22,"column":1}},"22":{"start":{"line":23,"column":0},"end":{"line":23,"column":0}},"23":{"start":{"line":24,"column":0},"end":{"line":24,"column":49}},"24":{"start":{"line":25,"column":0},"end":{"line":25,"column":32}},"25":{"start":{"line":26,"column":0},"end":{"line":26,"column":24}},"26":{"start":{"line":27,"column":0},"end":{"line":27,"column":3}},"27":{"start":{"line":28,"column":0},"end":{"line":28,"column":1}}},"s":{"0":1,"1":1,"2":1,"3":1,"4":0,"5":0,"6":0,"7":1,"8":1,"9":1,"10":1,"11":0,"12":0,"13":1,"14":1,"15":1,"16":1,"17":1,"18":0,"19":0,"20":1,"21":1,"22":1,"23":1,"24":1,"25":0,"26":0,"27":1},"branchMap":{},"b":{},"fnMap":{"0":{"name":"ApiError","decl":{"start":{"line":4,"column":2},"end":{"line":7,"column":3}},"loc":{"start":{"line":4,"column":2},"end":{"line":7,"column":3}},"line":4},"1":{"name":"BadRequestError","decl":{"start":{"line":11,"column":2},"end":{"line":13,"column":3}},"loc":{"start":{"line":11,"column":2},"end":{"line":13,"column":3}},"line":11},"2":{"name":"NotFoundError","decl":{"start":{"line":18,"column":2},"end":{"line":20,"column":3}},"loc":{"start":{"line":18,"column":2},"end":{"line":20,"column":3}},"line":18},"3":{"name":"UnauthorizedError","decl":{"start":{"line":25,"column":2},"end":{"line":27,"column":3}},"loc":{"start":{"line":25,"column":2},"end":{"line":27,"column":3}},"line":25}},"f":{"0":0,"1":0,"2":0,"3":0}}
,"C:\\Users\\breno\\OneDrive\\Área de Trabalho\\Area d Trabalho\\PROGAMÇÃO\\Desafio1\\src\\middlewares\\adminAuthenticated.ts": {"path":"C:\\Users\\breno\\OneDrive\\Área de Trabalho\\Area d Trabalho\\PROGAMÇÃO\\Desafio1\\src\\middlewares\\adminAuthenticated.ts","all":false,"statementMap":{"0":{"start":{"line":1,"column":0},"end":{"line":1,"column":58}},"1":{"start":{"line":2,"column":0},"end":{"line":2,"column":0}},"2":{"start":{"line":3,"column":0},"end":{"line":3,"column":57}},"3":{"start":{"line":4,"column":0},"end":{"line":4,"column":0}},"4":{"start":{"line":5,"column":0},"end":{"line":5,"column":81}},"5":{"start":{"line":6,"column":0},"end":{"line":6,"column":33}},"6":{"start":{"line":7,"column":0},"end":{"line":7,"column":0}},"7":{"start":{"line":8,"column":0},"end":{"line":8,"column":16}},"8":{"start":{"line":9,"column":0},"end":{"line":9,"column":66}},"9":{"start":{"line":10,"column":0},"end":{"line":10,"column":6}},"10":{"start":{"line":11,"column":0},"end":{"line":11,"column":7}},"11":{"start":{"line":12,"column":0},"end":{"line":12,"column":46}},"12":{"start":{"line":13,"column":0},"end":{"line":13,"column":20}},"13":{"start":{"line":14,"column":0},"end":{"line":14,"column":12}},"14":{"start":{"line":15,"column":0},"end":{"line":15,"column":70}},"15":{"start":{"line":16,"column":0},"end":{"line":16,"column":5}},"16":{"start":{"line":17,"column":0},"end":{"line":17,"column":11}},"17":{"start":{"line":18,"column":0},"end":{"line":18,"column":59}},"18":{"start":{"line":19,"column":0},"end":{"line":19,"column":3}},"19":{"start":{"line":20,"column":0},"end":{"line":20,"column":2}},"20":{"start":{"line":21,"column":0},"end":{"line":21,"column":0}},"21":{"start":{"line":22,"column":0},"end":{"line":22,"column":30}}},"s":{"0":1,"1":1,"2":1,"3":1,"4":1,"5":1,"6":1,"7":1,"8":0,"9":1,"10":1,"11":1,"12":1,"13":1,"14":0,"15":0,"16":1,"17":0,"18":0,"19":1,"20":1,"21":1},"branchMap":{"0":{"type":"branch","line":5,"loc":{"start":{"line":5,"column":27},"end":{"line":20,"column":2}},"locations":[{"start":{"line":5,"column":27},"end":{"line":20,"column":2}}]},"1":{"type":"branch","line":8,"loc":{"start":{"line":8,"column":15},"end":{"line":10,"column":4}},"locations":[{"start":{"line":8,"column":15},"end":{"line":10,"column":4}}]},"2":{"type":"branch","line":14,"loc":{"start":{"line":14,"column":5},"end":{"line":16,"column":5}},"locations":[{"start":{"line":14,"column":5},"end":{"line":16,"column":5}}]},"3":{"type":"branch","line":17,"loc":{"start":{"line":17,"column":4},"end":{"line":19,"column":3}},"locations":[{"start":{"line":17,"column":4},"end":{"line":19,"column":3}}]}},"b":{"0":[1],"1":[0],"2":[0],"3":[0]},"fnMap":{"0":{"name":"adminAuthenticated","decl":{"start":{"line":5,"column":27},"end":{"line":20,"column":2}},"loc":{"start":{"line":5,"column":27},"end":{"line":20,"column":2}},"line":5}},"f":{"0":1}}
,"C:\\Users\\breno\\OneDrive\\Área de Trabalho\\Area d Trabalho\\PROGAMÇÃO\\Desafio1\\src\\middlewares\\ensureAuthenticated.ts": {"path":"C:\\Users\\breno\\OneDrive\\Área de Trabalho\\Area d Trabalho\\PROGAMÇÃO\\Desafio1\\src\\middlewares\\ensureAuthenticated.ts","all":false,"statementMap":{"0":{"start":{"line":1,"column":0},"end":{"line":1,"column":54}},"1":{"start":{"line":2,"column":0},"end":{"line":2,"column":58}},"2":{"start":{"line":3,"column":0},"end":{"line":3,"column":38}},"3":{"start":{"line":4,"column":0},"end":{"line":4,"column":0}},"4":{"start":{"line":5,"column":0},"end":{"line":5,"column":44}},"5":{"start":{"line":6,"column":0},"end":{"line":6,"column":57}},"6":{"start":{"line":7,"column":0},"end":{"line":7,"column":0}},"7":{"start":{"line":8,"column":0},"end":{"line":8,"column":52}},"8":{"start":{"line":9,"column":0},"end":{"line":9,"column":44}},"9":{"start":{"line":10,"column":0},"end":{"line":10,"column":21}},"10":{"start":{"line":11,"column":0},"end":{"line":11,"column":12}},"11":{"start":{"line":12,"column":0},"end":{"line":12,"column":17}},"12":{"start":{"line":13,"column":0},"end":{"line":13,"column":6}},"13":{"start":{"line":14,"column":0},"end":{"line":14,"column":3}},"14":{"start":{"line":15,"column":0},"end":{"line":15,"column":1}},"15":{"start":{"line":16,"column":0},"end":{"line":16,"column":0}},"16":{"start":{"line":17,"column":0},"end":{"line":17,"column":88}},"17":{"start":{"line":18,"column":0},"end":{"line":18,"column":47}},"18":{"start":{"line":19,"column":0},"end":{"line":19,"column":0}},"19":{"start":{"line":20,"column":0},"end":{"line":20,"column":20}},"20":{"start":{"line":21,"column":0},"end":{"line":21,"column":18}},"21":{"start":{"line":22,"column":0},"end":{"line":22,"column":3}},"22":{"start":{"line":23,"column":0},"end":{"line":23,"column":0}},"23":{"start":{"line":24,"column":0},"end":{"line":24,"column":42}},"24":{"start":{"line":25,"column":0},"end":{"line":25,"column":0}},"25":{"start":{"line":26,"column":0},"end":{"line":26,"column":7}},"26":{"start":{"line":27,"column":0},"end":{"line":27,"column":54}},"27":{"start":{"line":28,"column":0},"end":{"line":28,"column":78}},"28":{"start":{"line":29,"column":0},"end":{"line":29,"column":18}},"29":{"start":{"line":30,"column":0},"end":{"line":30,"column":37}},"30":{"start":{"line":31,"column":0},"end":{"line":31,"column":8}},"31":{"start":{"line":32,"column":0},"end":{"line":32,"column":20}},"32":{"start":{"line":33,"column":0},"end":{"line":33,"column":12}},"33":{"start":{"line":34,"column":0},"end":{"line":34,"column":63}},"34":{"start":{"line":35,"column":0},"end":{"line":35,"column":5}},"35":{"start":{"line":36,"column":0},"end":{"line":36,"column":11}},"36":{"start":{"line":37,"column":0},"end":{"line":37,"column":53}},"37":{"start":{"line":38,"column":0},"end":{"line":38,"column":3}},"38":{"start":{"line":39,"column":0},"end":{"line":39,"column":2}},"39":{"start":{"line":40,"column":0},"end":{"line":40,"column":0}},"40":{"start":{"line":41,"column":0},"end":{"line":41,"column":31}}},"s":{"0":1,"1":1,"2":1,"3":1,"4":1,"5":1,"6":1,"7":1,"8":1,"9":1,"10":1,"11":1,"12":1,"13":1,"14":1,"15":1,"16":1,"17":15,"18":15,"19":15,"20":0,"21":0,"22":15,"23":15,"24":15,"25":15,"26":15,"27":15,"28":15,"29":15,"30":15,"31":15,"32":15,"33":0,"34":0,"35":15,"36":0,"37":0,"38":15,"39":1,"40":1},"branchMap":{"0":{"type":"branch","line":17,"loc":{"start":{"line":17,"column":28},"end":{"line":39,"column":2}},"locations":[{"start":{"line":17,"column":28},"end":{"line":39,"column":2}}]},"1":{"type":"branch","line":17,"loc":{"start":{"line":17,"column":86},"end":{"line":39,"column":2}},"locations":[{"start":{"line":17,"column":86},"end":{"line":39,"column":2}}]},"2":{"type":"branch","line":20,"loc":{"start":{"line":20,"column":19},"end":{"line":22,"column":3}},"locations":[{"start":{"line":20,"column":19},"end":{"line":22,"column":3}}]},"3":{"type":"branch","line":33,"loc":{"start":{"line":33,"column":5},"end":{"line":35,"column":5}},"locations":[{"start":{"line":33,"column":5},"end":{"line":35,"column":5}}]},"4":{"type":"branch","line":36,"loc":{"start":{"line":36,"column":4},"end":{"line":38,"column":3}},"locations":[{"start":{"line":36,"column":4},"end":{"line":38,"column":3}}]}},"b":{"0":[15],"1":[15],"2":[0],"3":[0],"4":[0]},"fnMap":{"0":{"name":"ensureAuthenticated","decl":{"start":{"line":17,"column":28},"end":{"line":39,"column":2}},"loc":{"start":{"line":17,"column":28},"end":{"line":39,"column":2}},"line":17}},"f":{"0":15}}
,"C:\\Users\\breno\\OneDrive\\Área de Trabalho\\Area d Trabalho\\PROGAMÇÃO\\Desafio1\\src\\repositories\\file.repository.ts": {"path":"C:\\Users\\breno\\OneDrive\\Área de Trabalho\\Area d Trabalho\\PROGAMÇÃO\\Desafio1\\src\\repositories\\file.repository.ts","all":false,"statementMap":{"0":{"start":{"line":1,"column":0},"end":{"line":1,"column":54}},"1":{"start":{"line":2,"column":0},"end":{"line":2,"column":0}},"2":{"start":{"line":3,"column":0},"end":{"line":3,"column":37}},"3":{"start":{"line":4,"column":0},"end":{"line":4,"column":0}},"4":{"start":{"line":5,"column":0},"end":{"line":5,"column":29}},"5":{"start":{"line":6,"column":0},"end":{"line":6,"column":84}},"6":{"start":{"line":7,"column":0},"end":{"line":7,"column":44}},"7":{"start":{"line":8,"column":0},"end":{"line":8,"column":47}},"8":{"start":{"line":9,"column":0},"end":{"line":9,"column":7}},"9":{"start":{"line":10,"column":0},"end":{"line":10,"column":16}},"10":{"start":{"line":11,"column":0},"end":{"line":11,"column":3}},"11":{"start":{"line":12,"column":0},"end":{"line":12,"column":46}},"12":{"start":{"line":13,"column":0},"end":{"line":13,"column":55}},"13":{"start":{"line":14,"column":0},"end":{"line":14,"column":42}},"14":{"start":{"line":15,"column":0},"end":{"line":15,"column":7}},"15":{"start":{"line":16,"column":0},"end":{"line":16,"column":23}},"16":{"start":{"line":17,"column":0},"end":{"line":17,"column":3}},"17":{"start":{"line":18,"column":0},"end":{"line":18,"column":49}},"18":{"start":{"line":19,"column":0},"end":{"line":19,"column":50}},"19":{"start":{"line":20,"column":0},"end":{"line":20,"column":42}},"20":{"start":{"line":21,"column":0},"end":{"line":21,"column":15}},"21":{"start":{"line":22,"column":0},"end":{"line":22,"column":24}},"22":{"start":{"line":23,"column":0},"end":{"line":23,"column":8}},"23":{"start":{"line":24,"column":0},"end":{"line":24,"column":7}},"24":{"start":{"line":25,"column":0},"end":{"line":25,"column":18}},"25":{"start":{"line":26,"column":0},"end":{"line":26,"column":3}},"26":{"start":{"line":27,"column":0},"end":{"line":27,"column":1}}},"s":{"0":1,"1":1,"2":1,"3":1,"4":1,"5":1,"6":3,"7":3,"8":3,"9":3,"10":3,"11":1,"12":2,"13":2,"14":2,"15":2,"16":2,"17":1,"18":1,"19":1,"20":1,"21":1,"22":1,"23":1,"24":1,"25":1,"26":1},"branchMap":{"0":{"type":"branch","line":6,"loc":{"start":{"line":6,"column":8},"end":{"line":11,"column":3}},"locations":[{"start":{"line":6,"column":8},"end":{"line":11,"column":3}}]},"1":{"type":"branch","line":12,"loc":{"start":{"line":12,"column":8},"end":{"line":17,"column":3}},"locations":[{"start":{"line":12,"column":8},"end":{"line":17,"column":3}}]},"2":{"type":"branch","line":18,"loc":{"start":{"line":18,"column":8},"end":{"line":26,"column":3}},"locations":[{"start":{"line":18,"column":8},"end":{"line":26,"column":3}}]}},"b":{"0":[3],"1":[2],"2":[1]},"fnMap":{"0":{"name":"saveAvatar","decl":{"start":{"line":6,"column":8},"end":{"line":11,"column":3}},"loc":{"start":{"line":6,"column":8},"end":{"line":11,"column":3}},"line":6},"1":{"name":"findAvatarById","decl":{"start":{"line":12,"column":8},"end":{"line":17,"column":3}},"loc":{"start":{"line":12,"column":8},"end":{"line":17,"column":3}},"line":12},"2":{"name":"findAvatarUrlById","decl":{"start":{"line":18,"column":8},"end":{"line":26,"column":3}},"loc":{"start":{"line":18,"column":8},"end":{"line":26,"column":3}},"line":18}},"f":{"0":3,"1":2,"2":1}}
,"C:\\Users\\breno\\OneDrive\\Área de Trabalho\\Area d Trabalho\\PROGAMÇÃO\\Desafio1\\src\\repositories\\session.repository.ts": {"path":"C:\\Users\\breno\\OneDrive\\Área de Trabalho\\Area d Trabalho\\PROGAMÇÃO\\Desafio1\\src\\repositories\\session.repository.ts","all":false,"statementMap":{"0":{"start":{"line":1,"column":0},"end":{"line":1,"column":37}},"1":{"start":{"line":2,"column":0},"end":{"line":2,"column":0}},"2":{"start":{"line":3,"column":0},"end":{"line":3,"column":32}},"3":{"start":{"line":4,"column":0},"end":{"line":4,"column":13}},"4":{"start":{"line":5,"column":0},"end":{"line":5,"column":36}},"5":{"start":{"line":6,"column":0},"end":{"line":6,"column":52}},"6":{"start":{"line":7,"column":0},"end":{"line":7,"column":23}},"7":{"start":{"line":8,"column":0},"end":{"line":8,"column":7}},"8":{"start":{"line":9,"column":0},"end":{"line":9,"column":22}},"9":{"start":{"line":10,"column":0},"end":{"line":10,"column":3}},"10":{"start":{"line":11,"column":0},"end":{"line":11,"column":1}}},"s":{"0":1,"1":1,"2":1,"3":1,"4":1,"5":8,"6":8,"7":8,"8":8,"9":8,"10":1},"branchMap":{"0":{"type":"branch","line":3,"loc":{"start":{"line":3,"column":0},"end":{"line":11,"column":1}},"locations":[{"start":{"line":3,"column":0},"end":{"line":11,"column":1}}]},"1":{"type":"branch","line":5,"loc":{"start":{"line":5,"column":8},"end":{"line":10,"column":3}},"locations":[{"start":{"line":5,"column":8},"end":{"line":10,"column":3}}]}},"b":{"0":[1],"1":[8]},"fnMap":{"0":{"name":"SessionRepository","decl":{"start":{"line":3,"column":0},"end":{"line":11,"column":1}},"loc":{"start":{"line":3,"column":0},"end":{"line":11,"column":1}},"line":3},"1":{"name":"findByEmail","decl":{"start":{"line":5,"column":8},"end":{"line":10,"column":3}},"loc":{"start":{"line":5,"column":8},"end":{"line":10,"column":3}},"line":5}},"f":{"0":1,"1":8}}
,"C:\\Users\\breno\\OneDrive\\Área de Trabalho\\Area d Trabalho\\PROGAMÇÃO\\Desafio1\\src\\repositories\\transaction.repository.ts": {"path":"C:\\Users\\breno\\OneDrive\\Área de Trabalho\\Area d Trabalho\\PROGAMÇÃO\\Desafio1\\src\\repositories\\transaction.repository.ts","all":false,"statementMap":{"0":{"start":{"line":1,"column":0},"end":{"line":1,"column":57}},"1":{"start":{"line":2,"column":0},"end":{"line":2,"column":37}},"2":{"start":{"line":3,"column":0},"end":{"line":3,"column":0}},"3":{"start":{"line":4,"column":0},"end":{"line":4,"column":34}},"4":{"start":{"line":5,"column":0},"end":{"line":5,"column":15}},"5":{"start":{"line":6,"column":0},"end":{"line":6,"column":16}},"6":{"start":{"line":7,"column":0},"end":{"line":7,"column":22}},"7":{"start":{"line":8,"column":0},"end":{"line":8,"column":17}},"8":{"start":{"line":9,"column":0},"end":{"line":9,"column":21}},"9":{"start":{"line":10,"column":0},"end":{"line":10,"column":25}},"10":{"start":{"line":11,"column":0},"end":{"line":11,"column":29}},"11":{"start":{"line":12,"column":0},"end":{"line":12,"column":31}},"12":{"start":{"line":13,"column":0},"end":{"line":13,"column":19}},"13":{"start":{"line":14,"column":0},"end":{"line":14,"column":24}},"14":{"start":{"line":15,"column":0},"end":{"line":15,"column":20}},"15":{"start":{"line":16,"column":0},"end":{"line":16,"column":17}},"16":{"start":{"line":17,"column":0},"end":{"line":17,"column":18}},"17":{"start":{"line":18,"column":0},"end":{"line":18,"column":12}},"18":{"start":{"line":19,"column":0},"end":{"line":19,"column":1}},"19":{"start":{"line":20,"column":0},"end":{"line":20,"column":0}},"20":{"start":{"line":21,"column":0},"end":{"line":21,"column":36}},"21":{"start":{"line":22,"column":0},"end":{"line":22,"column":20}},"22":{"start":{"line":23,"column":0},"end":{"line":23,"column":0}},"23":{"start":{"line":24,"column":0},"end":{"line":24,"column":50}},"24":{"start":{"line":25,"column":0},"end":{"line":25,"column":57}},"25":{"start":{"line":26,"column":0},"end":{"line":26,"column":13}},"26":{"start":{"line":27,"column":0},"end":{"line":27,"column":27}},"27":{"start":{"line":28,"column":0},"end":{"line":28,"column":8}},"28":{"start":{"line":29,"column":0},"end":{"line":29,"column":7}},"29":{"start":{"line":30,"column":0},"end":{"line":30,"column":23}},"30":{"start":{"line":31,"column":0},"end":{"line":31,"column":3}},"31":{"start":{"line":32,"column":0},"end":{"line":32,"column":30}},"32":{"start":{"line":33,"column":0},"end":{"line":33,"column":61}},"33":{"start":{"line":34,"column":0},"end":{"line":34,"column":24}},"34":{"start":{"line":35,"column":0},"end":{"line":35,"column":3}},"35":{"start":{"line":36,"column":0},"end":{"line":36,"column":0}},"36":{"start":{"line":37,"column":0},"end":{"line":37,"column":33}},"37":{"start":{"line":38,"column":0},"end":{"line":38,"column":66}},"38":{"start":{"line":39,"column":0},"end":{"line":39,"column":40}},"39":{"start":{"line":40,"column":0},"end":{"line":40,"column":15}},"40":{"start":{"line":41,"column":0},"end":{"line":41,"column":20}},"41":{"start":{"line":42,"column":0},"end":{"line":42,"column":26}},"42":{"start":{"line":43,"column":0},"end":{"line":43,"column":21}},"43":{"start":{"line":44,"column":0},"end":{"line":44,"column":25}},"44":{"start":{"line":45,"column":0},"end":{"line":45,"column":29}},"45":{"start":{"line":46,"column":0},"end":{"line":46,"column":33}},"46":{"start":{"line":47,"column":0},"end":{"line":47,"column":8}},"47":{"start":{"line":48,"column":0},"end":{"line":48,"column":7}},"48":{"start":{"line":49,"column":0},"end":{"line":49,"column":30}},"49":{"start":{"line":50,"column":0},"end":{"line":50,"column":3}},"50":{"start":{"line":51,"column":0},"end":{"line":51,"column":55}},"51":{"start":{"line":52,"column":0},"end":{"line":52,"column":68}},"52":{"start":{"line":53,"column":0},"end":{"line":53,"column":46}},"53":{"start":{"line":54,"column":0},"end":{"line":54,"column":7}},"54":{"start":{"line":55,"column":0},"end":{"line":55,"column":30}},"55":{"start":{"line":56,"column":0},"end":{"line":56,"column":3}},"56":{"start":{"line":57,"column":0},"end":{"line":57,"column":31}},"57":{"start":{"line":58,"column":0},"end":{"line":58,"column":66}},"58":{"start":{"line":59,"column":0},"end":{"line":59,"column":40}},"59":{"start":{"line":60,"column":0},"end":{"line":60,"column":7}},"60":{"start":{"line":61,"column":0},"end":{"line":61,"column":30}},"61":{"start":{"line":62,"column":0},"end":{"line":62,"column":3}},"62":{"start":{"line":63,"column":0},"end":{"line":63,"column":77}},"63":{"start":{"line":64,"column":0},"end":{"line":64,"column":50}},"64":{"start":{"line":65,"column":0},"end":{"line":65,"column":46}},"65":{"start":{"line":66,"column":0},"end":{"line":66,"column":13}},"66":{"start":{"line":67,"column":0},"end":{"line":67,"column":12}},"67":{"start":{"line":68,"column":0},"end":{"line":68,"column":28}},"68":{"start":{"line":69,"column":0},"end":{"line":69,"column":8}},"69":{"start":{"line":70,"column":0},"end":{"line":70,"column":7}},"70":{"start":{"line":71,"column":0},"end":{"line":71,"column":16}},"71":{"start":{"line":72,"column":0},"end":{"line":72,"column":3}},"72":{"start":{"line":73,"column":0},"end":{"line":73,"column":1}}},"s":{"0":1,"1":1,"2":1,"3":1,"4":1,"5":1,"6":1,"7":1,"8":1,"9":1,"10":1,"11":1,"12":1,"13":1,"14":1,"15":1,"16":1,"17":1,"18":1,"19":1,"20":4,"21":4,"22":4,"23":4,"24":6,"25":6,"26":6,"27":6,"28":6,"29":6,"30":6,"31":4,"32":0,"33":0,"34":0,"35":4,"36":4,"37":1,"38":1,"39":1,"40":1,"41":1,"42":1,"43":1,"44":1,"45":1,"46":1,"47":1,"48":1,"49":1,"50":4,"51":0,"52":0,"53":0,"54":0,"55":0,"56":4,"57":1,"58":1,"59":1,"60":1,"61":1,"62":4,"63":1,"64":1,"65":1,"66":1,"67":1,"68":1,"69":1,"70":1,"71":1,"72":4},"branchMap":{"0":{"type":"branch","line":21,"loc":{"start":{"line":21,"column":0},"end":{"line":73,"column":1}},"locations":[{"start":{"line":21,"column":0},"end":{"line":73,"column":1}}]},"1":{"type":"branch","line":24,"loc":{"start":{"line":24,"column":8},"end":{"line":31,"column":3}},"locations":[{"start":{"line":24,"column":8},"end":{"line":31,"column":3}}]},"2":{"type":"branch","line":37,"loc":{"start":{"line":37,"column":8},"end":{"line":50,"column":3}},"locations":[{"start":{"line":37,"column":8},"end":{"line":50,"column":3}}]},"3":{"type":"branch","line":57,"loc":{"start":{"line":57,"column":8},"end":{"line":62,"column":3}},"locations":[{"start":{"line":57,"column":8},"end":{"line":62,"column":3}}]},"4":{"type":"branch","line":63,"loc":{"start":{"line":63,"column":8},"end":{"line":72,"column":3}},"locations":[{"start":{"line":63,"column":8},"end":{"line":72,"column":3}}]}},"b":{"0":[4],"1":[6],"2":[1],"3":[1],"4":[1]},"fnMap":{"0":{"name":"TransactionRepository","decl":{"start":{"line":21,"column":0},"end":{"line":73,"column":1}},"loc":{"start":{"line":21,"column":0},"end":{"line":73,"column":1}},"line":21},"1":{"name":"create","decl":{"start":{"line":24,"column":8},"end":{"line":31,"column":3}},"loc":{"start":{"line":24,"column":8},"end":{"line":31,"column":3}},"line":24},"2":{"name":"getAllTransactions","decl":{"start":{"line":32,"column":8},"end":{"line":35,"column":3}},"loc":{"start":{"line":32,"column":8},"end":{"line":35,"column":3}},"line":32},"3":{"name":"listAll","decl":{"start":{"line":37,"column":8},"end":{"line":50,"column":3}},"loc":{"start":{"line":37,"column":8},"end":{"line":50,"column":3}},"line":37},"4":{"name":"findTransiction","decl":{"start":{"line":51,"column":8},"end":{"line":56,"column":3}},"loc":{"start":{"line":51,"column":8},"end":{"line":56,"column":3}},"line":51},"5":{"name":"query","decl":{"start":{"line":57,"column":8},"end":{"line":62,"column":3}},"loc":{"start":{"line":57,"column":8},"end":{"line":62,"column":3}},"line":57},"6":{"name":"update","decl":{"start":{"line":63,"column":8},"end":{"line":72,"column":3}},"loc":{"start":{"line":63,"column":8},"end":{"line":72,"column":3}},"line":63}},"f":{"0":4,"1":6,"2":0,"3":1,"4":0,"5":1,"6":1}}
,"C:\\Users\\breno\\OneDrive\\Área de Trabalho\\Area d Trabalho\\PROGAMÇÃO\\Desafio1\\src\\repositories\\user.repository.ts": {"path":"C:\\Users\\breno\\OneDrive\\Área de Trabalho\\Area d Trabalho\\PROGAMÇÃO\\Desafio1\\src\\repositories\\user.repository.ts","all":false,"statementMap":{"0":{"start":{"line":1,"column":0},"end":{"line":1,"column":54}},"1":{"start":{"line":2,"column":0},"end":{"line":2,"column":32}},"2":{"start":{"line":3,"column":0},"end":{"line":3,"column":0}},"3":{"start":{"line":4,"column":0},"end":{"line":4,"column":37}},"4":{"start":{"line":5,"column":0},"end":{"line":5,"column":0}},"5":{"start":{"line":6,"column":0},"end":{"line":6,"column":29}},"6":{"start":{"line":7,"column":0},"end":{"line":7,"column":13}},"7":{"start":{"line":8,"column":0},"end":{"line":8,"column":94}},"8":{"start":{"line":9,"column":0},"end":{"line":9,"column":51}},"9":{"start":{"line":10,"column":0},"end":{"line":10,"column":43}},"10":{"start":{"line":11,"column":0},"end":{"line":11,"column":68}},"11":{"start":{"line":12,"column":0},"end":{"line":12,"column":7}},"12":{"start":{"line":13,"column":0},"end":{"line":13,"column":0}},"13":{"start":{"line":14,"column":0},"end":{"line":14,"column":16}},"14":{"start":{"line":15,"column":0},"end":{"line":15,"column":3}},"15":{"start":{"line":16,"column":0},"end":{"line":16,"column":36}},"16":{"start":{"line":17,"column":0},"end":{"line":17,"column":47}},"17":{"start":{"line":18,"column":0},"end":{"line":18,"column":36}},"18":{"start":{"line":19,"column":0},"end":{"line":19,"column":7}},"19":{"start":{"line":20,"column":0},"end":{"line":20,"column":16}},"20":{"start":{"line":21,"column":0},"end":{"line":21,"column":3}},"21":{"start":{"line":22,"column":0},"end":{"line":22,"column":40}},"22":{"start":{"line":23,"column":0},"end":{"line":23,"column":47}},"23":{"start":{"line":24,"column":0},"end":{"line":24,"column":36}},"24":{"start":{"line":25,"column":0},"end":{"line":25,"column":15}},"25":{"start":{"line":26,"column":0},"end":{"line":26,"column":17}},"26":{"start":{"line":27,"column":0},"end":{"line":27,"column":19}},"27":{"start":{"line":28,"column":0},"end":{"line":28,"column":20}},"28":{"start":{"line":29,"column":0},"end":{"line":29,"column":27}},"29":{"start":{"line":30,"column":0},"end":{"line":30,"column":8}},"30":{"start":{"line":31,"column":0},"end":{"line":31,"column":7}},"31":{"start":{"line":32,"column":0},"end":{"line":32,"column":16}},"32":{"start":{"line":33,"column":0},"end":{"line":33,"column":3}},"33":{"start":{"line":34,"column":0},"end":{"line":34,"column":36}},"34":{"start":{"line":35,"column":0},"end":{"line":35,"column":52}},"35":{"start":{"line":36,"column":0},"end":{"line":36,"column":23}},"36":{"start":{"line":37,"column":0},"end":{"line":37,"column":7}},"37":{"start":{"line":38,"column":0},"end":{"line":38,"column":22}},"38":{"start":{"line":39,"column":0},"end":{"line":39,"column":3}},"39":{"start":{"line":40,"column":0},"end":{"line":40,"column":30}},"40":{"start":{"line":41,"column":0},"end":{"line":41,"column":52}},"41":{"start":{"line":42,"column":0},"end":{"line":42,"column":20}},"42":{"start":{"line":43,"column":0},"end":{"line":43,"column":7}},"43":{"start":{"line":44,"column":0},"end":{"line":44,"column":22}},"44":{"start":{"line":45,"column":0},"end":{"line":45,"column":3}},"45":{"start":{"line":46,"column":0},"end":{"line":46,"column":72}},"46":{"start":{"line":47,"column":0},"end":{"line":47,"column":43}},"47":{"start":{"line":48,"column":0},"end":{"line":48,"column":28}},"48":{"start":{"line":49,"column":0},"end":{"line":49,"column":13}},"49":{"start":{"line":50,"column":0},"end":{"line":50,"column":13}},"50":{"start":{"line":51,"column":0},"end":{"line":51,"column":21}},"51":{"start":{"line":52,"column":0},"end":{"line":52,"column":8}},"52":{"start":{"line":53,"column":0},"end":{"line":53,"column":7}},"53":{"start":{"line":54,"column":0},"end":{"line":54,"column":16}},"54":{"start":{"line":55,"column":0},"end":{"line":55,"column":3}},"55":{"start":{"line":56,"column":0},"end":{"line":56,"column":55}},"56":{"start":{"line":57,"column":0},"end":{"line":57,"column":46}},"57":{"start":{"line":58,"column":0},"end":{"line":58,"column":15}},"58":{"start":{"line":59,"column":0},"end":{"line":59,"column":17}},"59":{"start":{"line":60,"column":0},"end":{"line":60,"column":19}},"60":{"start":{"line":61,"column":0},"end":{"line":61,"column":20}},"61":{"start":{"line":62,"column":0},"end":{"line":62,"column":27}},"62":{"start":{"line":63,"column":0},"end":{"line":63,"column":8}},"63":{"start":{"line":64,"column":0},"end":{"line":64,"column":65}},"64":{"start":{"line":65,"column":0},"end":{"line":65,"column":79}},"65":{"start":{"line":66,"column":0},"end":{"line":66,"column":7}},"66":{"start":{"line":67,"column":0},"end":{"line":67,"column":0}},"67":{"start":{"line":68,"column":0},"end":{"line":68,"column":17}},"68":{"start":{"line":69,"column":0},"end":{"line":69,"column":3}},"69":{"start":{"line":70,"column":0},"end":{"line":70,"column":1}},"70":{"start":{"line":71,"column":0},"end":{"line":71,"column":0}},"71":{"start":{"line":72,"column":0},"end":{"line":72,"column":36}}},"s":{"0":1,"1":1,"2":1,"3":1,"4":1,"5":8,"6":8,"7":8,"8":9,"9":9,"10":9,"11":9,"12":9,"13":9,"14":9,"15":8,"16":2,"17":2,"18":2,"19":2,"20":2,"21":8,"22":3,"23":3,"24":3,"25":3,"26":3,"27":3,"28":3,"29":3,"30":3,"31":3,"32":3,"33":8,"34":9,"35":9,"36":9,"37":9,"38":9,"39":8,"40":0,"41":0,"42":0,"43":0,"44":0,"45":8,"46":2,"47":2,"48":2,"49":2,"50":2,"51":2,"52":2,"53":2,"54":2,"55":8,"56":1,"57":1,"58":1,"59":1,"60":1,"61":1,"62":1,"63":1,"64":1,"65":1,"66":1,"67":1,"68":1,"69":8,"70":1,"71":1},"branchMap":{"0":{"type":"branch","line":6,"loc":{"start":{"line":6,"column":0},"end":{"line":70,"column":1}},"locations":[{"start":{"line":6,"column":0},"end":{"line":70,"column":1}}]},"1":{"type":"branch","line":8,"loc":{"start":{"line":8,"column":8},"end":{"line":15,"column":3}},"locations":[{"start":{"line":8,"column":8},"end":{"line":15,"column":3}}]},"2":{"type":"branch","line":16,"loc":{"start":{"line":16,"column":8},"end":{"line":21,"column":3}},"locations":[{"start":{"line":16,"column":8},"end":{"line":21,"column":3}}]},"3":{"type":"branch","line":22,"loc":{"start":{"line":22,"column":8},"end":{"line":33,"column":3}},"locations":[{"start":{"line":22,"column":8},"end":{"line":33,"column":3}}]},"4":{"type":"branch","line":34,"loc":{"start":{"line":34,"column":8},"end":{"line":39,"column":3}},"locations":[{"start":{"line":34,"column":8},"end":{"line":39,"column":3}}]},"5":{"type":"branch","line":46,"loc":{"start":{"line":46,"column":8},"end":{"line":55,"column":3}},"locations":[{"start":{"line":46,"column":8},"end":{"line":55,"column":3}}]},"6":{"type":"branch","line":56,"loc":{"start":{"line":56,"column":8},"end":{"line":69,"column":3}},"locations":[{"start":{"line":56,"column":8},"end":{"line":69,"column":3}}]}},"b":{"0":[8],"1":[9],"2":[2],"3":[3],"4":[9],"5":[2],"6":[1]},"fnMap":{"0":{"name":"UserRepository","decl":{"start":{"line":6,"column":0},"end":{"line":70,"column":1}},"loc":{"start":{"line":6,"column":0},"end":{"line":70,"column":1}},"line":6},"1":{"name":"saveUser","decl":{"start":{"line":8,"column":8},"end":{"line":15,"column":3}},"loc":{"start":{"line":8,"column":8},"end":{"line":15,"column":3}},"line":8},"2":{"name":"findByUser","decl":{"start":{"line":16,"column":8},"end":{"line":21,"column":3}},"loc":{"start":{"line":16,"column":8},"end":{"line":21,"column":3}},"line":16},"3":{"name":"findByUserFeed","decl":{"start":{"line":22,"column":8},"end":{"line":33,"column":3}},"loc":{"start":{"line":22,"column":8},"end":{"line":33,"column":3}},"line":22},"4":{"name":"findByEmail","decl":{"start":{"line":34,"column":8},"end":{"line":39,"column":3}},"loc":{"start":{"line":34,"column":8},"end":{"line":39,"column":3}},"line":34},"5":{"name":"findById","decl":{"start":{"line":40,"column":8},"end":{"line":45,"column":3}},"loc":{"start":{"line":40,"column":8},"end":{"line":45,"column":3}},"line":40},"6":{"name":"updateUser","decl":{"start":{"line":46,"column":8},"end":{"line":55,"column":3}},"loc":{"start":{"line":46,"column":8},"end":{"line":55,"column":3}},"line":46},"7":{"name":"listAll","decl":{"start":{"line":56,"column":8},"end":{"line":69,"column":3}},"loc":{"start":{"line":56,"column":8},"end":{"line":69,"column":3}},"line":56}},"f":{"0":8,"1":9,"2":2,"3":3,"4":9,"5":0,"6":2,"7":1}}
,"C:\\Users\\breno\\OneDrive\\Área de Trabalho\\Area d Trabalho\\PROGAMÇÃO\\Desafio1\\src\\routes\\index.ts": {"path":"C:\\Users\\breno\\OneDrive\\Área de Trabalho\\Area d Trabalho\\PROGAMÇÃO\\Desafio1\\src\\routes\\index.ts","all":false,"statementMap":{"0":{"start":{"line":1,"column":0},"end":{"line":1,"column":33}},"1":{"start":{"line":2,"column":0},"end":{"line":2,"column":49}},"2":{"start":{"line":3,"column":0},"end":{"line":3,"column":57}},"3":{"start":{"line":4,"column":0},"end":{"line":4,"column":43}},"4":{"start":{"line":5,"column":0},"end":{"line":5,"column":0}},"5":{"start":{"line":6,"column":0},"end":{"line":6,"column":24}},"6":{"start":{"line":7,"column":0},"end":{"line":7,"column":0}},"7":{"start":{"line":8,"column":0},"end":{"line":8,"column":18}},"8":{"start":{"line":9,"column":0},"end":{"line":9,"column":38}},"9":{"start":{"line":10,"column":0},"end":{"line":10,"column":46}},"10":{"start":{"line":11,"column":0},"end":{"line":11,"column":32}}},"s":{"0":1,"1":1,"2":1,"3":1,"4":1,"5":1,"6":1,"7":1,"8":1,"9":1,"10":1},"branchMap":{},"b":{},"fnMap":{},"f":{}}
,"C:\\Users\\breno\\OneDrive\\Área de Trabalho\\Area d Trabalho\\PROGAMÇÃO\\Desafio1\\src\\routes\\session.routes.ts": {"path":"C:\\Users\\breno\\OneDrive\\Área de Trabalho\\Area d Trabalho\\PROGAMÇÃO\\Desafio1\\src\\routes\\session.routes.ts","all":false,"statementMap":{"0":{"start":{"line":1,"column":0},"end":{"line":1,"column":33}},"1":{"start":{"line":2,"column":0},"end":{"line":2,"column":0}},"2":{"start":{"line":3,"column":0},"end":{"line":3,"column":66}},"3":{"start":{"line":4,"column":0},"end":{"line":4,"column":0}},"4":{"start":{"line":5,"column":0},"end":{"line":5,"column":31}},"5":{"start":{"line":6,"column":0},"end":{"line":6,"column":0}},"6":{"start":{"line":7,"column":0},"end":{"line":7,"column":42}},"7":{"start":{"line":8,"column":0},"end":{"line":8,"column":0}},"8":{"start":{"line":9,"column":0},"end":{"line":9,"column":46}},"9":{"start":{"line":10,"column":0},"end":{"line":10,"column":0}},"10":{"start":{"line":11,"column":0},"end":{"line":11,"column":25}}},"s":{"0":1,"1":1,"2":1,"3":1,"4":1,"5":1,"6":1,"7":1,"8":1,"9":1,"10":1},"branchMap":{},"b":{},"fnMap":{},"f":{}}
,"C:\\Users\\breno\\OneDrive\\Área de Trabalho\\Area d Trabalho\\PROGAMÇÃO\\Desafio1\\src\\routes\\transaction.routes.ts": {"path":"C:\\Users\\breno\\OneDrive\\Área de Trabalho\\Area d Trabalho\\PROGAMÇÃO\\Desafio1\\src\\routes\\transaction.routes.ts","all":false,"statementMap":{"0":{"start":{"line":1,"column":0},"end":{"line":1,"column":33}},"1":{"start":{"line":2,"column":0},"end":{"line":2,"column":0}},"2":{"start":{"line":3,"column":0},"end":{"line":3,"column":77}},"3":{"start":{"line":4,"column":0},"end":{"line":4,"column":0}},"4":{"start":{"line":5,"column":0},"end":{"line":5,"column":73}},"5":{"start":{"line":6,"column":0},"end":{"line":6,"column":0}},"6":{"start":{"line":7,"column":0},"end":{"line":7,"column":35}},"7":{"start":{"line":8,"column":0},"end":{"line":8,"column":0}},"8":{"start":{"line":9,"column":0},"end":{"line":9,"column":58}},"9":{"start":{"line":10,"column":0},"end":{"line":10,"column":0}},"10":{"start":{"line":11,"column":0},"end":{"line":11,"column":79}},"11":{"start":{"line":12,"column":0},"end":{"line":12,"column":80}},"12":{"start":{"line":13,"column":0},"end":{"line":13,"column":86}},"13":{"start":{"line":14,"column":0},"end":{"line":14,"column":96}},"14":{"start":{"line":15,"column":0},"end":{"line":15,"column":105}},"15":{"start":{"line":16,"column":0},"end":{"line":16,"column":0}},"16":{"start":{"line":17,"column":0},"end":{"line":17,"column":29}}},"s":{"0":1,"1":1,"2":1,"3":1,"4":1,"5":1,"6":1,"7":1,"8":1,"9":1,"10":1,"11":1,"12":1,"13":1,"14":1,"15":1,"16":1},"branchMap":{},"b":{},"fnMap":{},"f":{}}
,"C:\\Users\\breno\\OneDrive\\Área de Trabalho\\Area d Trabalho\\PROGAMÇÃO\\Desafio1\\src\\routes\\user.routes.ts": {"path":"C:\\Users\\breno\\OneDrive\\Área de Trabalho\\Area d Trabalho\\PROGAMÇÃO\\Desafio1\\src\\routes\\user.routes.ts","all":false,"statementMap":{"0":{"start":{"line":1,"column":0},"end":{"line":1,"column":33}},"1":{"start":{"line":2,"column":0},"end":{"line":2,"column":28}},"2":{"start":{"line":3,"column":0},"end":{"line":3,"column":0}},"3":{"start":{"line":4,"column":0},"end":{"line":4,"column":45}},"4":{"start":{"line":5,"column":0},"end":{"line":5,"column":63}},"5":{"start":{"line":6,"column":0},"end":{"line":6,"column":71}},"6":{"start":{"line":7,"column":0},"end":{"line":7,"column":73}},"7":{"start":{"line":8,"column":0},"end":{"line":8,"column":0}},"8":{"start":{"line":9,"column":0},"end":{"line":9,"column":28}},"9":{"start":{"line":10,"column":0},"end":{"line":10,"column":36}},"10":{"start":{"line":11,"column":0},"end":{"line":11,"column":44}},"11":{"start":{"line":12,"column":0},"end":{"line":12,"column":0}},"12":{"start":{"line":13,"column":0},"end":{"line":13,"column":44}},"13":{"start":{"line":14,"column":0},"end":{"line":14,"column":65}},"14":{"start":{"line":15,"column":0},"end":{"line":15,"column":64}},"15":{"start":{"line":16,"column":0},"end":{"line":16,"column":101}},"16":{"start":{"line":17,"column":0},"end":{"line":17,"column":70}},"17":{"start":{"line":18,"column":0},"end":{"line":18,"column":0}},"18":{"start":{"line":19,"column":0},"end":{"line":19,"column":22}}},"s":{"0":1,"1":1,"2":1,"3":1,"4":1,"5":1,"6":1,"7":1,"8":1,"9":1,"10":1,"11":1,"12":1,"13":1,"14":1,"15":1,"16":1,"17":1,"18":1},"branchMap":{},"b":{},"fnMap":{},"f":{}}
,"C:\\Users\\breno\\OneDrive\\Área de Trabalho\\Area d Trabalho\\PROGAMÇÃO\\Desafio1\\src\\schemas\\awsCredential.ts": {"path":"C:\\Users\\breno\\OneDrive\\Área de Trabalho\\Area d Trabalho\\PROGAMÇÃO\\Desafio1\\src\\schemas\\awsCredential.ts","all":false,"statementMap":{"0":{"start":{"line":1,"column":0},"end":{"line":1,"column":24}},"1":{"start":{"line":2,"column":0},"end":{"line":2,"column":0}},"2":{"start":{"line":3,"column":0},"end":{"line":3,"column":46}},"3":{"start":{"line":4,"column":0},"end":{"line":4,"column":26}},"4":{"start":{"line":5,"column":0},"end":{"line":5,"column":30}},"5":{"start":{"line":6,"column":0},"end":{"line":6,"column":21}},"6":{"start":{"line":7,"column":0},"end":{"line":7,"column":3}},"7":{"start":{"line":8,"column":0},"end":{"line":8,"column":0}},"8":{"start":{"line":9,"column":0},"end":{"line":9,"column":27}},"9":{"start":{"line":10,"column":0},"end":{"line":10,"column":33}},"10":{"start":{"line":11,"column":0},"end":{"line":11,"column":24}}},"s":{"0":1,"1":1,"2":1,"3":1,"4":1,"5":1,"6":1,"7":1,"8":1,"9":1,"10":1},"branchMap":{},"b":{},"fnMap":{},"f":{}}
,"C:\\Users\\breno\\OneDrive\\Área de Trabalho\\Area d Trabalho\\PROGAMÇÃO\\Desafio1\\src\\schemas\\session.ts": {"path":"C:\\Users\\breno\\OneDrive\\Área de Trabalho\\Area d Trabalho\\PROGAMÇÃO\\Desafio1\\src\\schemas\\session.ts","all":false,"statementMap":{"0":{"start":{"line":1,"column":0},"end":{"line":1,"column":24}},"1":{"start":{"line":2,"column":0},"end":{"line":2,"column":0}},"2":{"start":{"line":3,"column":0},"end":{"line":3,"column":45}},"3":{"start":{"line":4,"column":0},"end":{"line":4,"column":10}},"4":{"start":{"line":5,"column":0},"end":{"line":5,"column":13}},"5":{"start":{"line":6,"column":0},"end":{"line":6,"column":52}},"6":{"start":{"line":7,"column":0},"end":{"line":7,"column":70}},"7":{"start":{"line":8,"column":0},"end":{"line":8,"column":6}},"8":{"start":{"line":9,"column":0},"end":{"line":9,"column":12}},"9":{"start":{"line":10,"column":0},"end":{"line":10,"column":64}},"10":{"start":{"line":11,"column":0},"end":{"line":11,"column":13}},"11":{"start":{"line":12,"column":0},"end":{"line":12,"column":13}},"12":{"start":{"line":13,"column":0},"end":{"line":13,"column":55}},"13":{"start":{"line":14,"column":0},"end":{"line":14,"column":73}},"14":{"start":{"line":15,"column":0},"end":{"line":15,"column":6}},"15":{"start":{"line":16,"column":0},"end":{"line":16,"column":66}},"16":{"start":{"line":17,"column":0},"end":{"line":17,"column":3}}},"s":{"0":1,"1":1,"2":1,"3":1,"4":1,"5":1,"6":1,"7":1,"8":1,"9":1,"10":1,"11":1,"12":1,"13":1,"14":1,"15":1,"16":1},"branchMap":{},"b":{},"fnMap":{},"f":{}}
,"C:\\Users\\breno\\OneDrive\\Área de Trabalho\\Area d Trabalho\\PROGAMÇÃO\\Desafio1\\src\\schemas\\transaction.ts": {"path":"C:\\Users\\breno\\OneDrive\\Área de Trabalho\\Area d Trabalho\\PROGAMÇÃO\\Desafio1\\src\\schemas\\transaction.ts","all":false,"statementMap":{"0":{"start":{"line":1,"column":0},"end":{"line":1,"column":24}},"1":{"start":{"line":2,"column":0},"end":{"line":2,"column":53}},"2":{"start":{"line":3,"column":0},"end":{"line":3,"column":49}},"3":{"start":{"line":4,"column":0},"end":{"line":4,"column":9}},"4":{"start":{"line":5,"column":0},"end":{"line":5,"column":13}},"5":{"start":{"line":6,"column":0},"end":{"line":6,"column":51}},"6":{"start":{"line":7,"column":0},"end":{"line":7,"column":69}},"7":{"start":{"line":8,"column":0},"end":{"line":8,"column":6}},"8":{"start":{"line":9,"column":0},"end":{"line":9,"column":62}},"9":{"start":{"line":10,"column":0},"end":{"line":10,"column":0}},"10":{"start":{"line":11,"column":0},"end":{"line":11,"column":19}},"11":{"start":{"line":12,"column":0},"end":{"line":12,"column":50}},"12":{"start":{"line":13,"column":0},"end":{"line":13,"column":68}},"13":{"start":{"line":14,"column":0},"end":{"line":14,"column":5}},"14":{"start":{"line":15,"column":0},"end":{"line":15,"column":0}},"15":{"start":{"line":16,"column":0},"end":{"line":16,"column":16}},"16":{"start":{"line":17,"column":0},"end":{"line":17,"column":13}},"17":{"start":{"line":18,"column":0},"end":{"line":18,"column":58}},"18":{"start":{"line":19,"column":0},"end":{"line":19,"column":76}},"19":{"start":{"line":20,"column":0},"end":{"line":20,"column":6}},"20":{"start":{"line":21,"column":0},"end":{"line":21,"column":69}},"21":{"start":{"line":22,"column":0},"end":{"line":22,"column":0}},"22":{"start":{"line":23,"column":0},"end":{"line":23,"column":11}},"23":{"start":{"line":24,"column":0},"end":{"line":24,"column":13}},"24":{"start":{"line":25,"column":0},"end":{"line":25,"column":55}},"25":{"start":{"line":26,"column":0},"end":{"line":26,"column":73}},"26":{"start":{"line":27,"column":0},"end":{"line":27,"column":6}},"27":{"start":{"line":28,"column":0},"end":{"line":28,"column":65}},"28":{"start":{"line":29,"column":0},"end":{"line":29,"column":58}},"29":{"start":{"line":30,"column":0},"end":{"line":30,"column":73}},"30":{"start":{"line":31,"column":0},"end":{"line":31,"column":7}},"31":{"start":{"line":32,"column":0},"end":{"line":32,"column":0}},"32":{"start":{"line":33,"column":0},"end":{"line":33,"column":15}},"33":{"start":{"line":34,"column":0},"end":{"line":34,"column":13}},"34":{"start":{"line":35,"column":0},"end":{"line":35,"column":57}},"35":{"start":{"line":36,"column":0},"end":{"line":36,"column":75}},"36":{"start":{"line":37,"column":0},"end":{"line":37,"column":6}},"37":{"start":{"line":38,"column":0},"end":{"line":38,"column":55}},"38":{"start":{"line":39,"column":0},"end":{"line":39,"column":72}},"39":{"start":{"line":40,"column":0},"end":{"line":40,"column":7}},"40":{"start":{"line":41,"column":0},"end":{"line":41,"column":0}},"41":{"start":{"line":42,"column":0},"end":{"line":42,"column":19}},"42":{"start":{"line":43,"column":0},"end":{"line":43,"column":13}},"43":{"start":{"line":44,"column":0},"end":{"line":44,"column":61}},"44":{"start":{"line":45,"column":0},"end
[...]
ine":1,"column":0},"end":{"line":1,"column":21}},"1":{"start":{"line":2,"column":0},"end":{"line":2,"column":68}},"2":{"start":{"line":3,"column":0},"end":{"line":3,"column":68}},"3":{"start":{"line":4,"column":0},"end":{"line":4,"column":0}},"4":{"start":{"line":5,"column":0},"end":{"line":5,"column":24}},"5":{"start":{"line":6,"column":0},"end":{"line":6,"column":13}},"6":{"start":{"line":7,"column":0},"end":{"line":7,"column":15}},"7":{"start":{"line":8,"column":0},"end":{"line":8,"column":16}},"8":{"start":{"line":9,"column":0},"end":{"line":9,"column":30}},"9":{"start":{"line":10,"column":0},"end":{"line":10,"column":72}},"10":{"start":{"line":11,"column":0},"end":{"line":11,"column":1}},"11":{"start":{"line":12,"column":0},"end":{"line":12,"column":0}},"12":{"start":{"line":13,"column":0},"end":{"line":13,"column":30}},"13":{"start":{"line":14,"column":0},"end":{"line":14,"column":41}},"14":{"start":{"line":15,"column":0},"end":{"line":15,"column":41}},"15":{"start":{"line":16,"column":0},"end":{"line":16,"column":0}},"16":{"start":{"line":17,"column":0},"end":{"line":17,"column":17}},"17":{"start":{"line":18,"column":0},"end":{"line":18,"column":47}},"18":{"start":{"line":19,"column":0},"end":{"line":19,"column":47}},"19":{"start":{"line":20,"column":0},"end":{"line":20,"column":3}},"20":{"start":{"line":21,"column":0},"end":{"line":21,"column":0}},"21":{"start":{"line":22,"column":0},"end":{"line":22,"column":49}},"22":{"start":{"line":23,"column":0},"end":{"line":23,"column":45}},"23":{"start":{"line":24,"column":0},"end":{"line":24,"column":0}},"24":{"start":{"line":25,"column":0},"end":{"line":25,"column":80}},"25":{"start":{"line":26,"column":0},"end":{"line":26,"column":0}},"26":{"start":{"line":27,"column":0},"end":{"line":27,"column":58}},"27":{"start":{"line":28,"column":0},"end":{"line":28,"column":39}},"28":{"start":{"line":29,"column":0},"end":{"line":29,"column":32}},"29":{"start":{"line":30,"column":0},"end":{"line":30,"column":86}},"30":{"start":{"line":31,"column":0},"end":{"line":31,"column":65}},"31":{"start":{"line":32,"column":0},"end":{"line":32,"column":16}},"32":{"start":{"line":33,"column":0},"end":{"line":33,"column":46}},"33":{"start":{"line":34,"column":0},"end":{"line":34,"column":9}},"34":{"start":{"line":35,"column":0},"end":{"line":35,"column":9}},"35":{"start":{"line":36,"column":0},"end":{"line":36,"column":6}},"36":{"start":{"line":37,"column":0},"end":{"line":37,"column":0}},"37":{"start":{"line":38,"column":0},"end":{"line":38,"column":30}},"38":{"start":{"line":39,"column":0},"end":{"line":39,"column":3}},"39":{"start":{"line":40,"column":0},"end":{"line":40,"column":1}}},"s":{"0":1,"1":1,"2":1,"3":1,"4":1,"5":1,"6":1,"7":1,"8":1,"9":1,"10":1,"11":1,"12":1,"13":1,"14":1,"15":1,"16":1,"17":1,"18":1,"19":1,"20":1,"21":1,"22":1,"23":1,"24":1,"25":1,"26":1,"27":1,"28":10,"29":0,"30":0,"31":10,"32":10,"33":10,"34":1,"35":1,"36":1,"37":1,"38":1,"39":1},"branchMap":{"0":{"type":"branch","line":17,"loc":{"start":{"line":17,"column":2},"end":{"line":20,"column":3}},"locations":[{"start":{"line":17,"column":2},"end":{"line":20,"column":3}}]},"1":{"type":"branch","line":22,"loc":{"start":{"line":22,"column":8},"end":{"line":39,"column":3}},"locations":[{"start":{"line":22,"column":8},"end":{"line":39,"column":3}}]},"2":{"type":"branch","line":28,"loc":{"start":{"line":28,"column":22},"end":{"line":35,"column":8}},"locations":[{"start":{"line":28,"column":22},"end":{"line":35,"column":8}}]},"3":{"type":"branch","line":28,"loc":{"start":{"line":28,"column":37},"end":{"line":35,"column":7}},"locations":[{"start":{"line":28,"column":37},"end":{"line":35,"column":7}}]},"4":{"type":"branch","line":29,"loc":{"start":{"line":29,"column":31},"end":{"line":32,"column":15}},"locations":[{"start":{"line":29,"column":31},"end":{"line":32,"column":15}}]}},"b":{"0":[1],"1":[1],"2":[10],"3":[10],"4":[0]},"fnMap":{"0":{"name":"ListUserService","decl":{"start":{"line":17,"column":2},"end":{"line":20,"column":3}},"loc":{"start":{"line":17,"column":2},"end":{"line":20,"column":3}},"line":17},"1":{"name":"execute","decl":{"start":{"line":22,"column":8},"end":{"line":39,"column":3}},"loc":{"start":{"line":22,"column":8},"end":{"line":39,"column":3}},"line":22}},"f":{"0":1,"1":1}}
,"C:\\Users\\breno\\OneDrive\\Área de Trabalho\\Area d Trabalho\\PROGAMÇÃO\\Desafio1\\src\\service\\UserService\\updateUser.serviceA.ts": {"path":"C:\\Users\\breno\\OneDrive\\Área de Trabalho\\Area d Trabalho\\PROGAMÇÃO\\Desafio1\\src\\service\\UserService\\updateUser.serviceA.ts","all":false,"statementMap":{"0":{"start":{"line":1,"column":0},"end":{"line":1,"column":77}},"1":{"start":{"line":2,"column":0},"end":{"line":2,"column":68}},"2":{"start":{"line":3,"column":0},"end":{"line":3,"column":68}},"3":{"start":{"line":4,"column":0},"end":{"line":4,"column":0}},"4":{"start":{"line":5,"column":0},"end":{"line":5,"column":25}},"5":{"start":{"line":6,"column":0},"end":{"line":6,"column":41}},"6":{"start":{"line":7,"column":0},"end":{"line":7,"column":43}},"7":{"start":{"line":8,"column":0},"end":{"line":8,"column":0}},"8":{"start":{"line":9,"column":0},"end":{"line":9,"column":17}},"9":{"start":{"line":10,"column":0},"end":{"line":10,"column":47}},"10":{"start":{"line":11,"column":0},"end":{"line":11,"column":49}},"11":{"start":{"line":12,"column":0},"end":{"line":12,"column":3}},"12":{"start":{"line":13,"column":0},"end":{"line":13,"column":0}},"13":{"start":{"line":14,"column":0},"end":{"line":14,"column":76}},"14":{"start":{"line":15,"column":0},"end":{"line":15,"column":68}},"15":{"start":{"line":16,"column":0},"end":{"line":16,"column":22}},"16":{"start":{"line":17,"column":0},"end":{"line":17,"column":61}},"17":{"start":{"line":18,"column":0},"end":{"line":18,"column":5}},"18":{"start":{"line":19,"column":0},"end":{"line":19,"column":21}},"19":{"start":{"line":20,"column":0},"end":{"line":20,"column":32}},"20":{"start":{"line":21,"column":0},"end":{"line":21,"column":78}},"21":{"start":{"line":22,"column":0},"end":{"line":22,"column":5}},"22":{"start":{"line":23,"column":0},"end":{"line":23,"column":24}},"23":{"start":{"line":24,"column":0},"end":{"line":24,"column":57}},"24":{"start":{"line":25,"column":0},"end":{"line":25,"column":5}},"25":{"start":{"line":26,"column":0},"end":{"line":26,"column":43}},"26":{"start":{"line":27,"column":0},"end":{"line":27,"column":74}},"27":{"start":{"line":28,"column":0},"end":{"line":28,"column":5}},"28":{"start":{"line":29,"column":0},"end":{"line":29,"column":66}},"29":{"start":{"line":30,"column":0},"end":{"line":30,"column":98}},"30":{"start":{"line":31,"column":0},"end":{"line":31,"column":0}},"31":{"start":{"line":32,"column":0},"end":{"line":32,"column":114}},"32":{"start":{"line":33,"column":0},"end":{"line":33,"column":0}},"33":{"start":{"line":34,"column":0},"end":{"line":34,"column":12}},"34":{"start":{"line":35,"column":0},"end":{"line":35,"column":18}},"35":{"start":{"line":36,"column":0},"end":{"line":36,"column":22}},"36":{"start":{"line":37,"column":0},"end":{"line":37,"column":24}},"37":{"start":{"line":38,"column":0},"end":{"line":38,"column":38}},"38":{"start":{"line":39,"column":0},"end":{"line":39,"column":6}},"39":{"start":{"line":40,"column":0},"end":{"line":40,"column":3}},"40":{"start":{"line":41,"column":0},"end":{"line":41,"column":1}},"41":{"start":{"line":42,"column":0},"end":{"line":42,"column":0}},"42":{"start":{"line":43,"column":0},"end":{"line":43,"column":29}}},"s":{"0":1,"1":1,"2":1,"3":1,"4":1,"5":1,"6":1,"7":1,"8":1,"9":1,"10":1,"11":1,"12":1,"13":1,"14":2,"15":2,"16":0,"17":0,"18":2,"19":2,"20":2,"21":2,"22":2,"23":0,"24":0,"25":2,"26":0,"27":0,"28":2,"29":2,"30":2,"31":2,"32":2,"33":2,"34":2,"35":2,"36":2,"37":2,"38":2,"39":2,"40":1,"41":1,"42":1},"branchMap":{"0":{"type":"branch","line":9,"loc":{"start":{"line":9,"column":2},"end":{"line":12,"column":3}},"locations":[{"start":{"line":9,"column":2},"end":{"line":12,"column":3}}]},"1":{"type":"branch","line":14,"loc":{"start":{"line":14,"column":8},"end":{"line":40,"column":3}},"locations":[{"start":{"line":14,"column":8},"end":{"line":40,"column":3}}]},"2":{"type":"branch","line":16,"loc":{"start":{"line":16,"column":21},"end":{"line":18,"column":5}},"locations":[{"start":{"line":16,"column":21},"end":{"line":18,"column":5}}]},"3":{"type":"branch","line":23,"loc":{"start":{"line":23,"column":23},"end":{"line":25,"column":5}},"locations":[{"start":{"line":23,"column":23},"end":{"line":25,"column":5}}]},"4":{"type":"branch","line":26,"loc":{"start":{"line":26,"column":42},"end":{"line":28,"column":5}},"locations":[{"start":{"line":26,"column":42},"end":{"line":28,"column":5}}]},"5":{"type":"branch","line":29,"loc":{"start":{"line":29,"column":48},"end":{"line":29,"column":65}},"locations":[{"start":{"line":29,"column":48},"end":{"line":29,"column":65}}]},"6":{"type":"branch","line":30,"loc":{"start":{"line":30,"column":72},"end":{"line":30,"column":97}},"locations":[{"start":{"line":30,"column":72},"end":{"line":30,"column":97}}]}},"b":{"0":[1],"1":[2],"2":[0],"3":[0],"4":[0],"5":[0],"6":[0]},"fnMap":{"0":{"name":"UpdateUserService","decl":{"start":{"line":9,"column":2},"end":{"line":12,"column":3}},"loc":{"start":{"line":9,"column":2},"end":{"line":12,"column":3}},"line":9},"1":{"name":"execute","decl":{"start":{"line":14,"column":8},"end":{"line":40,"column":3}},"loc":{"start":{"line":14,"column":8},"end":{"line":40,"column":3}},"line":14}},"f":{"0":1,"1":2}}
,"C:\\Users\\breno\\OneDrive\\Área de Trabalho\\Area d Trabalho\\PROGAMÇÃO\\Desafio1\\src\\utils\\S3Storage.ts": {"path":"C:\\Users\\breno\\OneDrive\\Área de Trabalho\\Area d Trabalho\\PROGAMÇÃO\\Desafio1\\src\\utils\\S3Storage.ts","all":false,"statementMap":{"0":{"start":{"line":1,"column":0},"end":{"line":1,"column":54}},"1":{"start":{"line":2,"column":0},"end":{"line":2,"column":34}},"2":{"start":{"line":3,"column":0},"end":{"line":3,"column":20}},"3":{"start":{"line":4,"column":0},"end":{"line":4,"column":75}},"4":{"start":{"line":5,"column":0},"end":{"line":5,"column":24}},"5":{"start":{"line":6,"column":0},"end":{"line":6,"column":0}},"6":{"start":{"line":7,"column":0},"end":{"line":7,"column":45}},"7":{"start":{"line":8,"column":0},"end":{"line":8,"column":0}},"8":{"start":{"line":9,"column":0},"end":{"line":9,"column":17}},"9":{"start":{"line":10,"column":0},"end":{"line":10,"column":21}},"10":{"start":{"line":11,"column":0},"end":{"line":11,"column":0}},"11":{"start":{"line":12,"column":0},"end":{"line":12,"column":17}},"12":{"start":{"line":13,"column":0},"end":{"line":13,"column":38}},"13":{"start":{"line":14,"column":0},"end":{"line":14,"column":18}},"14":{"start":{"line":15,"column":0},"end":{"line":15,"column":69}},"15":{"start":{"line":16,"column":0},"end":{"line":16,"column":5}},"16":{"start":{"line":17,"column":0},"end":{"line":17,"column":0}},"17":{"start":{"line":18,"column":0},"end":{"line":18,"column":30}},"18":{"start":{"line":19,"column":0},"end":{"line":19,"column":13}},"19":{"start":{"line":20,"column":0},"end":{"line":20,"column":7}},"20":{"start":{"line":21,"column":0},"end":{"line":21,"column":3}},"21":{"start":{"line":22,"column":0},"end":{"line":22,"column":0}},"22":{"start":{"line":23,"column":0},"end":{"line":23,"column":64}},"23":{"start":{"line":24,"column":0},"end":{"line":24,"column":38}},"24":{"start":{"line":25,"column":0},"end":{"line":25,"column":18}},"25":{"start":{"line":26,"column":0},"end":{"line":26,"column":69}},"26":{"start":{"line":27,"column":0},"end":{"line":27,"column":5}},"27":{"start":{"line":28,"column":0},"end":{"line":28,"column":0}},"28":{"start":{"line":29,"column":0},"end":{"line":29,"column":72}},"29":{"start":{"line":30,"column":0},"end":{"line":30,"column":0}},"30":{"start":{"line":31,"column":0},"end":{"line":31,"column":55}},"31":{"start":{"line":32,"column":0},"end":{"line":32,"column":23}},"32":{"start":{"line":33,"column":0},"end":{"line":33,"column":53}},"33":{"start":{"line":34,"column":0},"end":{"line":34,"column":5}},"34":{"start":{"line":35,"column":0},"end":{"line":35,"column":0}},"35":{"start":{"line":36,"column":0},"end":{"line":36,"column":65}},"36":{"start":{"line":37,"column":0},"end":{"line":37,"column":0}},"37":{"start":{"line":38,"column":0},"end":{"line":38,"column":9}},"38":{"start":{"line":39,"column":0},"end":{"line":39,"column":23}},"39":{"start":{"line":40,"column":0},"end":{"line":40,"column":20}},"40":{"start":{"line":41,"column":0},"end":{"line":41,"column":25}},"41":{"start":{"line":42,"column":0},"end":{"line":42,"column":19}},"42":{"start":{"line":43,"column":0},"end":{"line":43,"column":29}},"43":{"start":{"line":44,"column":0},"end":{"line":44,"column":28}},"44":{"start":{"line":45,"column":0},"end":{"line":45,"column":35}},"45":{"start":{"line":46,"column":0},"end":{"line":46,"column":10}},"46":{"start":{"line":47,"column":0},"end":{"line":47,"column":19}},"47":{"start":{"line":48,"column":0},"end":{"line":48,"column":0}},"48":{"start":{"line":49,"column":0},"end":{"line":49,"column":45}},"49":{"start":{"line":50,"column":0},"end":{"line":50,"column":21}},"50":{"start":{"line":51,"column":0},"end":{"line":51,"column":58}},"51":{"start":{"line":52,"column":0},"end":{"line":52,"column":18}},"52":{"start":{"line":53,"column":0},"end":{"line":53,"column":5}},"53":{"start":{"line":54,"column":0},"end":{"line":54,"column":3}},"54":{"start":{"line":55,"column":0},"end":{"line":55,"column":68}},"55":{"start":{"line":56,"column":0},"end":{"line":56,"column":38}},"56":{"start":{"line":57,"column":0},"end":{"line":57,"column":40}},"57":{"start":{"line":58,"column":0},"end":{"line":58,"column":18}},"58":{"start":{"line":59,"column":0},"end":{"line":59,"column":69}},"59":{"start":{"line":60,"column":0},"end":{"line":60,"column":5}},"60":{"start":{"line":61,"column":0},"end":{"line":61,"column":0}},"61":{"start":{"line":62,"column":0},"end":{"line":62,"column":46}},"62":{"start":{"line":63,"column":0},"end":{"line":63,"column":23}},"63":{"start":{"line":64,"column":0},"end":{"line":64,"column":65}},"64":{"start":{"line":65,"column":0},"end":{"line":65,"column":5}},"65":{"start":{"line":66,"column":0},"end":{"line":66,"column":0}},"66":{"start":{"line":67,"column":0},"end":{"line":67,"column":9}},"67":{"start":{"line":68,"column":0},"end":{"line":68,"column":23}},"68":{"start":{"line":69,"column":0},"end":{"line":69,"column":20}},"69":{"start":{"line":70,"column":0},"end":{"line":70,"column":25}},"70":{"start":{"line":71,"column":0},"end":{"line":71,"column":19}},"71":{"start":{"line":72,"column":0},"end":{"line":72,"column":29}},"72":{"start":{"line":73,"column":0},"end":{"line":73,"column":23}},"73":{"start":{"line":74,"column":0},"end":{"line":74,"column":35}},"74":{"start":{"line":75,"column":0},"end":{"line":75,"column":10}},"75":{"start":{"line":76,"column":0},"end":{"line":76,"column":19}},"76":{"start":{"line":77,"column":0},"end":{"line":77,"column":21}},"77":{"start":{"line":78,"column":0},"end":{"line":78,"column":58}},"78":{"start":{"line":79,"column":0},"end":{"line":79,"column":18}},"79":{"start":{"line":80,"column":0},"end":{"line":80,"column":5}},"80":{"start":{"line":81,"column":0},"end":{"line":81,"column":3}},"81":{"start":{"line":82,"column":0},"end":{"line":82,"column":1}},"82":{"start":{"line":83,"column":0},"end":{"line":83,"column":0}},"83":{"start":{"line":84,"column":0},"end":{"line":84,"column":25}}},"s":{"0":1,"1":1,"2":1,"3":1,"4":1,"5":1,"6":1,"7":1,"8":1,"9":1,"10":1,"11":1,"12":3,"13":3,"14":0,"15":0,"16":3,"17":3,"18":3,"19":3,"20":3,"21":1,"22":1,"23":3,"24":3,"25":0,"26":0,"27":3,"28":3,"29":3,"30":3,"31":3,"32":0,"33":0,"34":3,"35":3,"36":3,"37":3,"38":3,"39":3,"40":3,"41":3,"42":3,"43":3,"44":3,"45":3,"46":3,"47":3,"48":3,"49":3,"50":0,"51":0,"52":0,"53":3,"54":1,"55":0,"56":0,"57":0,"58":0,"59":0,"60":0,"61":0,"62":0,"63":0,"64":0,"65":0,"66":0,"67":0,"68":0,"69":0,"70":0,"71":0,"72":0,"73":0,"74":0,"75":0,"76":0,"77":0,"78":0,"79":0,"80":0,"81":1,"82":1,"83":1},"branchMap":{"0":{"type":"branch","line":12,"loc":{"start":{"line":12,"column":2},"end":{"line":21,"column":3}},"locations":[{"start":{"line":12,"column":2},"end":{"line":21,"column":3}}]},"1":{"type":"branch","line":14,"loc":{"start":{"line":14,"column":17},"end":{"line":16,"column":5}},"locations":[{"start":{"line":14,"column":17},"end":{"line":16,"column":5}}]},"2":{"type":"branch","line":23,"loc":{"start":{"line":23,"column":8},"end":{"line":54,"column":3}},"locations":[{"start":{"line":23,"column":8},"end":{"line":54,"column":3}}]},"3":{"type":"branch","line":25,"loc":{"start":{"line":25,"column":17},"end":{"line":27,"column":5}},"locations":[{"start":{"line":25,"column":17},"end":{"line":27,"column":5}}]},"4":{"type":"branch","line":32,"loc":{"start":{"line":32,"column":22},"end":{"line":34,"column":5}},"locations":[{"start":{"line":32,"column":22},"end":{"line":34,"column":5}}]},"5":{"type":"branch","line":50,"loc":{"start":{"line":50,"column":6},"end":{"line":53,"column":5}},"locations":[{"start":{"line":50,"column":6},"end":{"line":53,"column":5}}]}},"b":{"0":[3],"1":[0],"2":[3],"3":[0],"4":[0],"5":[0]},"fnMap":{"0":{"name":"S3Storage","decl":{"start":{"line":12,"column":2},"end":{"line":21,"column":3}},"loc":{"start":{"line":12,"column":2},"end":{"line":21,"column":3}},"line":12},"1":{"name":"saveFile","decl":{"start":{"line":23,"column":8},"end":{"line":54,"column":3}},"loc":{"start":{"line":23,"column":8},"end":{"line":54,"column":3}},"line":23},"2":{"name":"saveFileBuffer","decl":{"start":{"line":55,"column":8},"end":{"line":81,"column":3}},"loc":{"start":{"line":55,"column":8},"end":{"line":81,"column":3}},"line":55}},"f":{"0":3,"1":3,"2":0}}
,"C:\\Users\\breno\\OneDrive\\Área de Trabalho\\Area d Trabalho\\PROGAMÇÃO\\Desafio1\\src\\utils\\cardGenerator.ts": {"path":"C:\\Users\\breno\\OneDrive\\Área de Trabalho\\Area d Trabalho\\PROGAMÇÃO\\Desafio1\\src\\utils\\cardGenerator.ts","all":false,"statementMap":{"0":{"start":{"line":1,"column":0},"end":{"line":1,"column":26}},"1":{"start":{"line":2,"column":0},"end":{"line":2,"column":0}},"2":{"start":{"line":3,"column":0},"end":{"line":3,"column":38}},"3":{"start":{"line":4,"column":0},"end":{"line":4,"column":82}},"4":{"start":{"line":5,"column":0},"end":{"line":5,"column":13}},"5":{"start":{"line":6,"column":0},"end":{"line":6,"column":16}},"6":{"start":{"line":7,"column":0},"end":{"line":7,"column":1}},"7":{"start":{"line":8,"column":0},"end":{"line":8,"column":0}},"8":{"start":{"line":9,"column":0},"end":{"line":9,"column":48}},"9":{"start":{"line":10,"column":0},"end":{"line":10,"column":81}},"10":{"start":{"line":11,"column":0},"end":{"line":11,"column":13}},"11":{"start":{"line":12,"column":0},"end":{"line":12,"column":16}},"12":{"start":{"line":13,"column":0},"end":{"line":13,"column":1}}},"s":{"0":1,"1":1,"2":6,"3":6,"4":6,"5":6,"6":6,"7":1,"8":6,"9":6,"10":6,"11":6,"12":6},"branchMap":{"0":{"type":"branch","line":3,"loc":{"start":{"line":3,"column":0},"end":{"line":7,"column":1}},"locations":[{"start":{"line":3,"column":0},"end":{"line":7,"column":1}}]},"1":{"type":"branch","line":4,"loc":{"start":{"line":4,"column":36},"end":{"line":4,"column":81}},"locations":[{"start":{"line":4,"column":36},"end":{"line":4,"column":81}}]},"2":{"type":"branch","line":9,"loc":{"start":{"line":9,"column":0},"end":{"line":13,"column":1}},"locations":[{"start":{"line":9,"column":0},"end":{"line":13,"column":1}}]},"3":{"type":"branch","line":10,"loc":{"start":{"line":10,"column":35},"end":{"line":10,"column":80}},"locations":[{"start":{"line":10,"column":35},"end":{"line":10,"column":80}}]}},"b":{"0":[6],"1":[114],"2":[6],"3":[18]},"fnMap":{"0":{"name":"generateCardNumber","decl":{"start":{"line":3,"column":0},"end":{"line":7,"column":1}},"loc":{"start":{"line":3,"column":0},"end":{"line":7,"column":1}},"line":3},"1":{"name":"generateCardVerificationCode","decl":{"start":{"line":9,"column":0},"end":{"line":13,"column":1}},"loc":{"start":{"line":9,"column":0},"end":{"line":13,"column":1}},"line":9}},"f":{"0":6,"1":6}}
}
